Command line:
   main_isim_beh.exe
     -simmode  gui
     -simrunnum  0
     -socket  49176

Mon Apr 08 23:57:56 2019


 Elaboration Time: 0.109375 sec

 Current Memory Usage: 654 Meg

 Total Signals          : 117
 Total Nets             : 426
 Total Signal Drivers   : 74
 Total Blocks           : 14
 Total Primitive Blocks : 11
 Total Processes        : 174
 Total Traceable Variables  : 220
 Total Scalar Nets and Variables : 32111
Total Line Count : 964

 Total Simulation Time: 0.125 sec

 Current Memory Usage: 654 Meg

Tue Apr 09 00:01:36 2019

