Running: C:\Xilinx\14.7\ISE_DS\ISE\bin\nt\unwrapped\fuse.exe -intstyle ise -incremental -lib unisims_ver -lib unimacro_ver -lib xilinxcorelib_ver -lib secureip -o Z:/shared_with_vm/141git/cs141/pa2/lab2_start/test_adder2bits_isim_beh.exe -prj Z:/shared_with_vm/141git/cs141/pa2/lab2_start/test_adder2bits_beh.prj work.test_adder2bits work.glbl 
ISim P.20131013 (signature 0x8ef4fb42)
Number of CPUs detected in this system: 1
Turning on mult-threading, number of parallel sub-compilation jobs: 0 
Determining compilation order of HDL files
Analyzing Verilog file "Z:/shared_with_vm/141git/cs141/pa2/lab2_start/adder_1bit.v" into library work
Analyzing Verilog file "Z:/shared_with_vm/141git/cs141/pa2/lab2_start/adder_2bit.v" into library work
Analyzing Verilog file "Z:/shared_with_vm/141git/cs141/pa2/lab2_start/test_adder2bits.v" into library work
Analyzing Verilog file "C:/Xilinx/14.7/ISE_DS/ISE//verilog/src/glbl.v" into library work
Starting static elaboration
Completed static elaboration
Fuse Memory Usage: 102200 KB
Fuse CPU Usage: 296 ms
Compiling module adder_1bit
Compiling module adder_2bit
Compiling module test_adder2bits
Compiling module glbl
Time Resolution for simulation is 1ps.
Compiled 4 Verilog Units
Built simulation executable Z:/shared_with_vm/141git/cs141/pa2/lab2_start/test_adder2bits_isim_beh.exe
Fuse Memory Usage: 105768 KB
Fuse CPU Usage: 375 ms
