ISim log file
<<<<<<< Updated upstream
Running: Z:\shared_with_vm\141git\cs141\pa2\lab2_start\test_adder_cascaded32_isim_beh.exe -intstyle ise -gui -tclbatch isim.cmd -wdb Z:/shared_with_vm/141git/cs141/pa2/lab2_start/test_adder_cascaded32_isim_beh.wdb 
=======
Running: Z:\shared_folder\cs141\pa2\lab2_start\test_alu_isim_beh.exe -intstyle ise -gui -tclbatch isim.cmd -wdb Z:/shared_folder/cs141/pa2/lab2_start/test_alu_isim_beh.wdb 
>>>>>>> Stashed changes
ISim P.20131013 (signature 0x8ef4fb42)
WARNING: A WEBPACK license was found.
WARNING: Please use Xilinx License Configuration Manager to check out a full ISim license.
WARNING: ISim will run in Lite mode. Please refer to the ISim documentation for more information on the differences between the Lite and the Full version.
This is a Lite version of ISim.
Time resolution is 1 ps
# onerror resume
# wave add /
# run 1000 ns
Simulator is doing circuit initialization process.
Finished circuit initialization process.
<<<<<<< Updated upstream
11111111111111111111111111111111 + 00000000000000000000000000000001 is 00000000000000000000000000000000 with carryover 0
=======
Stopped at time : 20 ns : File "//vmware-host/Shared Folders/shared_folder/cs141/pa2/lab2_start/test_alu.v" Line 58
>>>>>>> Stashed changes
