ISim log file
Running: Z:\shared_with_vm\141git\cs141\pa4\lab4_start\lab4_start\test_mips_multicycle_isim_beh.exe -intstyle ise -gui -tclbatch isim.cmd -wdb Z:/shared_with_vm/141git/cs141/pa4/lab4_start/lab4_start/test_mips_multicycle_isim_beh.wdb 
ISim P.20131013 (signature 0x8ef4fb42)
WARNING: A WEBPACK license was found.
WARNING: Please use Xilinx License Configuration Manager to check out a full ISim license.
WARNING: ISim will run in Lite mode. Please refer to the ISim documentation for more information on the differences between the Lite and the Full version.
This is a Lite version of ISim.
WARNING: File "//vmware-host/Shared Folders/shared_with_vm/141git/cs141/pa4/lab4_start/lab4_start/mips_controller.v" Line 41.  For instance Controller/FunctMux/, width 32 of formal port X is not equal to width 6 of actual signal Funct.
WARNING: File "//vmware-host/Shared Folders/shared_with_vm/141git/cs141/pa4/lab4_start/lab4_start/mips_controller.v" Line 52.  For instance Controller/FunctMux/, width 32 of formal port Y is not equal to width 6 of actual variable FalseFunct. 
WARNING: File "//vmware-host/Shared Folders/shared_with_vm/141git/cs141/pa4/lab4_start/lab4_start/mips_controller.v" Line 54.  For instance Controller/FunctMux/, width 32 of formal port Z is not equal to width 6 of actual signal ALUFunct.
Time resolution is 1 ps
# onerror resume
# wave add /
# run 1000 ns
Simulator is doing circuit initialization process.
no data file was supplied, using tests/zero.memh
initializing test_mips_multicycle.MEMORY's instruction memory from '                                                                              tests/current_test.memh' and data memory from '                                                                                      tests/zero.memh'
defaulting to 1000000 cycles
Finished circuit initialization process.
ISim P.20131013 (signature 0x8ef4fb42)
WARNING: A WEBPACK license was found.
WARNING: Please use Xilinx License Configuration Manager to check out a full ISim license.
WARNING: ISim will run in Lite mode. Please refer to the ISim documentation for more information on the differences between the Lite and the Full version.
This is a Lite version of ISim.
WARNING: File "//vmware-host/Shared Folders/shared_with_vm/141git/cs141/pa4/lab4_start/lab4_start/mips_controller.v" Line 41.  For instance Controller/FunctMux/, width 32 of formal port X is not equal to width 6 of actual signal Funct.
WARNING: File "//vmware-host/Shared Folders/shared_with_vm/141git/cs141/pa4/lab4_start/lab4_start/mips_controller.v" Line 52.  For instance Controller/FunctMux/, width 32 of formal port Y is not equal to width 6 of actual variable FalseFunct. 
WARNING: File "//vmware-host/Shared Folders/shared_with_vm/141git/cs141/pa4/lab4_start/lab4_start/mips_controller.v" Line 54.  For instance Controller/FunctMux/, width 32 of formal port Z is not equal to width 6 of actual signal ALUFunct.
# run 1000 ns
Simulator is doing circuit initialization process.
no data file was supplied, using tests/zero.memh
initializing test_mips_multicycle.MEMORY's instruction memory from '                                                                              tests/current_test.memh' and data memory from '                                                                                      tests/zero.memh'
defaulting to 1000000 cycles
Finished circuit initialization process.
# run all
simulated      100000 cycles
Dumping data memory from address          64 ->         204:
	DMEM[         64]=00000001
	DMEM[         65]=00000002
	DMEM[         66]=00000003
	DMEM[         67]=00000004
	DMEM[         68]=00000005
	DMEM[         69]=00000006
	DMEM[         70]=00000007
	DMEM[         71]=00000008
	DMEM[         72]=00000001
	DMEM[         73]=00000002
	DMEM[         74]=00000003
	DMEM[         75]=00000004
	DMEM[         76]=00000005
	DMEM[         77]=00000006
	DMEM[         78]=00000007
	DMEM[         79]=00000008
	DMEM[         80]=00000001
	DMEM[         81]=00000002
	DMEM[         82]=00000003
	DMEM[         83]=00000004
	DMEM[         84]=00000005
	DMEM[         85]=00000006
	DMEM[         86]=00000007
	DMEM[         87]=00000008
	DMEM[         88]=00000001
	DMEM[         89]=00000002
	DMEM[         90]=00000003
	DMEM[         91]=00000004
	DMEM[         92]=00000005
	DMEM[         93]=00000006
	DMEM[         94]=00000007
	DMEM[         95]=00000008
	DMEM[         96]=00000001
	DMEM[         97]=00000002
	DMEM[         98]=00000003
	DMEM[         99]=00000004
	DMEM[        100]=00000005
	DMEM[        101]=00000006
	DMEM[        102]=00000007
	DMEM[        103]=00000008
	DMEM[        104]=00000001
	DMEM[        105]=00000002
	DMEM[        106]=00000003
	DMEM[        107]=00000004
	DMEM[        108]=00000005
	DMEM[        109]=00000006
	DMEM[        110]=00000007
	DMEM[        111]=00000008
	DMEM[        112]=00000001
	DMEM[        113]=00000002
	DMEM[        114]=00000003
	DMEM[        115]=00000004
	DMEM[        116]=00000005
	DMEM[        117]=00000006
	DMEM[        118]=00000007
	DMEM[        119]=00000008
	DMEM[        120]=00000001
	DMEM[        121]=00000002
	DMEM[        122]=00000003
	DMEM[        123]=00000004
	DMEM[        124]=00000005
	DMEM[        125]=00000006
	DMEM[        126]=00000007
	DMEM[        127]=00000008
	DMEM[        128]=xxxxxxxx
	DMEM[        129]=xxxxxxxx
	DMEM[        130]=00000059
	DMEM[        131]=0000006e
	DMEM[        132]=00000043
	DMEM[        133]=00000058
	DMEM[        134]=00000055
	DMEM[        135]=0000006a
	DMEM[        136]=0000005f
	DMEM[        137]=00000074
	DMEM[        138]=00000059
	DMEM[        139]=0000006e
	DMEM[        140]=00000043
	DMEM[        141]=00000058
	DMEM[        142]=00000055
	DMEM[        143]=0000006a
	DMEM[        144]=0000005f
	DMEM[        145]=00000074
	DMEM[        146]=00000059
	DMEM[        147]=0000006e
	DMEM[        148]=00000043
	DMEM[        149]=00000058
	DMEM[        150]=00000055
	DMEM[        151]=0000006a
	DMEM[        152]=0000005f
	DMEM[        153]=00000074
	DMEM[        154]=00000059
	DMEM[        155]=0000006e
	DMEM[        156]=00000043
	DMEM[        157]=00000058
	DMEM[        158]=00000055
	DMEM[        159]=0000006a
	DMEM[        160]=0000005f
	DMEM[        161]=00000074
	DMEM[        162]=00000059
	DMEM[        163]=0000006e
	DMEM[        164]=xxxxxxxx
	DMEM[        165]=xxxxxxxx
	DMEM[        166]=xxxxxxxx
	DMEM[        167]=xxxxxxxx
	DMEM[        168]=xxxxxxxx
	DMEM[        169]=xxxxxxxx
	DMEM[        170]=xxxxxxxx
	DMEM[        171]=xxxxxxxx
	DMEM[        172]=xxxxxxxx
	DMEM[        173]=xxxxxxxx
	DMEM[        174]=xxxxxxxx
	DMEM[        175]=xxxxxxxx
	DMEM[        176]=xxxxxxxx
	DMEM[        177]=xxxxxxxx
	DMEM[        178]=xxxxxxxx
	DMEM[        179]=xxxxxxxx
	DMEM[        180]=xxxxxxxx
	DMEM[        181]=xxxxxxxx
	DMEM[        182]=xxxxxxxx
	DMEM[        183]=xxxxxxxx
	DMEM[        184]=xxxxxxxx
	DMEM[        185]=xxxxxxxx
	DMEM[        186]=xxxxxxxx
	DMEM[        187]=xxxxxxxx
	DMEM[        188]=xxxxxxxx
	DMEM[        189]=xxxxxxxx
	DMEM[        190]=xxxxxxxx
	DMEM[        191]=xxxxxxxx
	DMEM[        192]=xxxxxxxx
	DMEM[        193]=xxxxxxxx
	DMEM[        194]=xxxxxxxx
	DMEM[        195]=xxxxxxxx
	DMEM[        196]=xxxxxxxx
	DMEM[        197]=xxxxxxxx
	DMEM[        198]=xxxxxxxx
	DMEM[        199]=xxxxxxxx
	DMEM[        200]=xxxxxxxx
	DMEM[        201]=xxxxxxxx
	DMEM[        202]=xxxxxxxx
	DMEM[        203]=xxxxxxxx
Stopped at time : 1000010 ns : File "//vmware-host/Shared Folders/shared_with_vm/141git/cs141/pa4/lab4_start/lab4_start/test_mips_multicycle.v" Line 91
ISim P.20131013 (signature 0x8ef4fb42)
WARNING: A WEBPACK license was found.
WARNING: Please use Xilinx License Configuration Manager to check out a full ISim license.
WARNING: ISim will run in Lite mode. Please refer to the ISim documentation for more information on the differences between the Lite and the Full version.
This is a Lite version of ISim.
WARNING: File "//vmware-host/Shared Folders/shared_with_vm/141git/cs141/pa4/lab4_start/lab4_start/mips_controller.v" Line 41.  For instance Controller/FunctMux/, width 32 of formal port X is not equal to width 6 of actual signal Funct.
WARNING: File "//vmware-host/Shared Folders/shared_with_vm/141git/cs141/pa4/lab4_start/lab4_start/mips_controller.v" Line 52.  For instance Controller/FunctMux/, width 32 of formal port Y is not equal to width 6 of actual variable FalseFunct. 
WARNING: File "//vmware-host/Shared Folders/shared_with_vm/141git/cs141/pa4/lab4_start/lab4_start/mips_controller.v" Line 54.  For instance Controller/FunctMux/, width 32 of formal port Z is not equal to width 6 of actual signal ALUFunct.
# run 1000 ns
Simulator is doing circuit initialization process.
no data file was supplied, using tests/zero.memh
initializing test_mips_multicycle.MEMORY's instruction memory from '                                                                              tests/current_test.memh' and data memory from '                                                                                      tests/zero.memh'
defaulting to 1000000 cycles
Finished circuit initialization process.
# run all
simulated      100000 cycles
Dumping data memory from address          64 ->         204:
	DMEM[         64]=00000001
	DMEM[         65]=00000002
	DMEM[         66]=00000003
	DMEM[         67]=00000004
	DMEM[         68]=00000005
	DMEM[         69]=00000006
	DMEM[         70]=00000007
	DMEM[         71]=00000008
	DMEM[         72]=00000001
	DMEM[         73]=00000002
	DMEM[         74]=00000003
	DMEM[         75]=00000004
	DMEM[         76]=00000005
	DMEM[         77]=00000006
	DMEM[         78]=00000007
	DMEM[         79]=00000008
	DMEM[         80]=00000001
	DMEM[         81]=00000002
	DMEM[         82]=00000003
	DMEM[         83]=00000004
	DMEM[         84]=00000005
	DMEM[         85]=00000006
	DMEM[         86]=00000007
	DMEM[         87]=00000008
	DMEM[         88]=00000001
	DMEM[         89]=00000002
	DMEM[         90]=00000003
	DMEM[         91]=00000004
	DMEM[         92]=00000005
	DMEM[         93]=00000006
	DMEM[         94]=00000007
	DMEM[         95]=00000008
	DMEM[         96]=00000001
	DMEM[         97]=00000002
	DMEM[         98]=00000003
	DMEM[         99]=00000004
	DMEM[        100]=00000005
	DMEM[        101]=00000006
	DMEM[        102]=00000007
	DMEM[        103]=00000008
	DMEM[        104]=00000001
	DMEM[        105]=00000002
	DMEM[        106]=00000003
	DMEM[        107]=00000004
	DMEM[        108]=00000005
	DMEM[        109]=00000006
	DMEM[        110]=00000007
	DMEM[        111]=00000008
	DMEM[        112]=00000001
	DMEM[        113]=00000002
	DMEM[        114]=00000003
	DMEM[        115]=00000004
	DMEM[        116]=00000005
	DMEM[        117]=00000006
	DMEM[        118]=00000007
	DMEM[        119]=00000008
	DMEM[        120]=00000001
	DMEM[        121]=00000002
	DMEM[        122]=00000003
	DMEM[        123]=00000004
	DMEM[        124]=00000005
	DMEM[        125]=00000006
	DMEM[        126]=00000007
	DMEM[        127]=00000008
	DMEM[        128]=xxxxxxxx
	DMEM[        129]=xxxxxxxx
	DMEM[        130]=00000059
	DMEM[        131]=0000006e
	DMEM[        132]=00000043
	DMEM[        133]=00000058
	DMEM[        134]=00000055
	DMEM[        135]=0000006a
	DMEM[        136]=00000069
	DMEM[        137]=00000082
	DMEM[        138]=0000003b
	DMEM[        139]=00000054
	DMEM[        140]=00000065
	DMEM[        141]=0000007e
	DMEM[        142]=00000079
	DMEM[        143]=00000096
	DMEM[        144]=00000073
	DMEM[        145]=00000090
	DMEM[        146]=00000075
	DMEM[        147]=00000092
	DMEM[        148]=00000089
	DMEM[        149]=000000aa
	DMEM[        150]=0000006b
	DMEM[        151]=0000008c
	DMEM[        152]=00000085
	DMEM[        153]=000000a6
	DMEM[        154]=00000059
	DMEM[        155]=0000006e
	DMEM[        156]=00000043
	DMEM[        157]=00000058
	DMEM[        158]=00000055
	DMEM[        159]=0000006a
	DMEM[        160]=00000069
	DMEM[        161]=00000082
	DMEM[        162]=0000003b
	DMEM[        163]=00000054
	DMEM[        164]=00000065
	DMEM[        165]=0000007e
	DMEM[        166]=xxxxxxxx
	DMEM[        167]=xxxxxxxx
	DMEM[        168]=xxxxxxxx
	DMEM[        169]=xxxxxxxx
	DMEM[        170]=xxxxxxxx
	DMEM[        171]=xxxxxxxx
	DMEM[        172]=xxxxxxxx
	DMEM[        173]=xxxxxxxx
	DMEM[        174]=xxxxxxxx
	DMEM[        175]=xxxxxxxx
	DMEM[        176]=xxxxxxxx
	DMEM[        177]=xxxxxxxx
	DMEM[        178]=xxxxxxxx
	DMEM[        179]=xxxxxxxx
	DMEM[        180]=xxxxxxxx
	DMEM[        181]=xxxxxxxx
	DMEM[        182]=xxxxxxxx
	DMEM[        183]=xxxxxxxx
	DMEM[        184]=xxxxxxxx
	DMEM[        185]=xxxxxxxx
	DMEM[        186]=xxxxxxxx
	DMEM[        187]=xxxxxxxx
	DMEM[        188]=xxxxxxxx
	DMEM[        189]=xxxxxxxx
	DMEM[        190]=xxxxxxxx
	DMEM[        191]=xxxxxxxx
	DMEM[        192]=xxxxxxxx
	DMEM[        193]=xxxxxxxx
	DMEM[        194]=xxxxxxxx
	DMEM[        195]=xxxxxxxx
	DMEM[        196]=xxxxxxxx
	DMEM[        197]=xxxxxxxx
	DMEM[        198]=xxxxxxxx
	DMEM[        199]=xxxxxxxx
	DMEM[        200]=xxxxxxxx
	DMEM[        201]=xxxxxxxx
	DMEM[        202]=xxxxxxxx
	DMEM[        203]=xxxxxxxx
Stopped at time : 1000010 ns : File "//vmware-host/Shared Folders/shared_with_vm/141git/cs141/pa4/lab4_start/lab4_start/test_mips_multicycle.v" Line 91
ISim P.20131013 (signature 0x8ef4fb42)
WARNING: A WEBPACK license was found.
WARNING: Please use Xilinx License Configuration Manager to check out a full ISim license.
WARNING: ISim will run in Lite mode. Please refer to the ISim documentation for more information on the differences between the Lite and the Full version.
This is a Lite version of ISim.
WARNING: File "//vmware-host/Shared Folders/shared_with_vm/141git/cs141/pa4/lab4_start/lab4_start/mips_controller.v" Line 41.  For instance Controller/FunctMux/, width 32 of formal port X is not equal to width 6 of actual signal Funct.
WARNING: File "//vmware-host/Shared Folders/shared_with_vm/141git/cs141/pa4/lab4_start/lab4_start/mips_controller.v" Line 52.  For instance Controller/FunctMux/, width 32 of formal port Y is not equal to width 6 of actual variable FalseFunct. 
WARNING: File "//vmware-host/Shared Folders/shared_with_vm/141git/cs141/pa4/lab4_start/lab4_start/mips_controller.v" Line 54.  For instance Controller/FunctMux/, width 32 of formal port Z is not equal to width 6 of actual signal ALUFunct.
# run 1000 ns
Simulator is doing circuit initialization process.
no data file was supplied, using tests/zero.memh
initializing test_mips_multicycle.MEMORY's instruction memory from '                                                                              tests/current_test.memh' and data memory from '                                                                                      tests/zero.memh'
defaulting to 1000000 cycles
Finished circuit initialization process.
# run all
simulated      100000 cycles
Dumping data memory from address          64 ->         204:
	DMEM[         64]=00000001
	DMEM[         65]=00000002
	DMEM[         66]=00000003
	DMEM[         67]=00000004
	DMEM[         68]=00000005
	DMEM[         69]=00000006
	DMEM[         70]=00000007
	DMEM[         71]=00000008
	DMEM[         72]=00000001
	DMEM[         73]=00000002
	DMEM[         74]=00000003
	DMEM[         75]=00000004
	DMEM[         76]=00000005
	DMEM[         77]=00000006
	DMEM[         78]=00000007
	DMEM[         79]=00000008
	DMEM[         80]=00000001
	DMEM[         81]=00000002
	DMEM[         82]=00000003
	DMEM[         83]=00000004
	DMEM[         84]=00000005
	DMEM[         85]=00000006
	DMEM[         86]=00000007
	DMEM[         87]=00000008
	DMEM[         88]=00000001
	DMEM[         89]=00000002
	DMEM[         90]=00000003
	DMEM[         91]=00000004
	DMEM[         92]=00000005
	DMEM[         93]=00000006
	DMEM[         94]=00000007
	DMEM[         95]=00000008
	DMEM[         96]=00000001
	DMEM[         97]=00000002
	DMEM[         98]=00000003
	DMEM[         99]=00000004
	DMEM[        100]=00000005
	DMEM[        101]=00000006
	DMEM[        102]=00000007
	DMEM[        103]=00000008
	DMEM[        104]=00000001
	DMEM[        105]=00000002
	DMEM[        106]=00000003
	DMEM[        107]=00000004
	DMEM[        108]=00000005
	DMEM[        109]=00000006
	DMEM[        110]=00000007
	DMEM[        111]=00000008
	DMEM[        112]=00000001
	DMEM[        113]=00000002
	DMEM[        114]=00000003
	DMEM[        115]=00000004
	DMEM[        116]=00000005
	DMEM[        117]=00000006
	DMEM[        118]=00000007
	DMEM[        119]=00000008
	DMEM[        120]=00000001
	DMEM[        121]=00000002
	DMEM[        122]=00000003
	DMEM[        123]=00000004
	DMEM[        124]=00000005
	DMEM[        125]=00000006
	DMEM[        126]=00000007
	DMEM[        127]=00000008
	DMEM[        128]=xxxxxxxx
	DMEM[        129]=xxxxxxxx
	DMEM[        130]=xxxxxxxx
	DMEM[        131]=xxxxxxxx
	DMEM[        132]=xxxxxxxx
	DMEM[        133]=xxxxxxxx
	DMEM[        134]=xxxxxxxx
	DMEM[        135]=xxxxxxxx
	DMEM[        136]=xxxxxxxx
	DMEM[        137]=xxxxxxxx
	DMEM[        138]=xxxxxxxx
	DMEM[        139]=xxxxxxxx
	DMEM[        140]=xxxxxxxx
	DMEM[        141]=xxxxxxxx
	DMEM[        142]=xxxxxxxx
	DMEM[        143]=xxxxxxxx
	DMEM[        144]=xxxxxxxx
	DMEM[        145]=xxxxxxxx
	DMEM[        146]=xxxxxxxx
	DMEM[        147]=xxxxxxxx
	DMEM[        148]=xxxxxxxx
	DMEM[        149]=xxxxxxxx
	DMEM[        150]=xxxxxxxx
	DMEM[        151]=xxxxxxxx
	DMEM[        152]=xxxxxxxx
	DMEM[        153]=xxxxxxxx
	DMEM[        154]=xxxxxxxx
	DMEM[        155]=xxxxxxxx
	DMEM[        156]=xxxxxxxx
	DMEM[        157]=xxxxxxxx
	DMEM[        158]=xxxxxxxx
	DMEM[        159]=xxxxxxxx
	DMEM[        160]=xxxxxxxx
	DMEM[        161]=xxxxxxxx
	DMEM[        162]=xxxxxxxx
	DMEM[        163]=xxxxxxxx
	DMEM[        164]=xxxxxxxx
	DMEM[        165]=xxxxxxxx
	DMEM[        166]=xxxxxxxx
	DMEM[        167]=xxxxxxxx
	DMEM[        168]=xxxxxxxx
	DMEM[        169]=xxxxxxxx
	DMEM[        170]=xxxxxxxx
	DMEM[        171]=xxxxxxxx
	DMEM[        172]=xxxxxxxx
	DMEM[        173]=xxxxxxxx
	DMEM[        174]=xxxxxxxx
	DMEM[        175]=xxxxxxxx
	DMEM[        176]=xxxxxxxx
	DMEM[        177]=xxxxxxxx
	DMEM[        178]=xxxxxxxx
	DMEM[        179]=xxxxxxxx
	DMEM[        180]=xxxxxxxx
	DMEM[        181]=xxxxxxxx
	DMEM[        182]=xxxxxxxx
	DMEM[        183]=xxxxxxxx
	DMEM[        184]=xxxxxxxx
	DMEM[        185]=xxxxxxxx
	DMEM[        186]=xxxxxxxx
	DMEM[        187]=xxxxxxxx
	DMEM[        188]=xxxxxxxx
	DMEM[        189]=xxxxxxxx
	DMEM[        190]=xxxxxxxx
	DMEM[        191]=xxxxxxxx
	DMEM[        192]=xxxxxxxx
	DMEM[        193]=xxxxxxxx
	DMEM[        194]=xxxxxxxx
	DMEM[        195]=xxxxxxxx
	DMEM[        196]=xxxxxxxx
	DMEM[        197]=xxxxxxxx
	DMEM[        198]=xxxxxxxx
	DMEM[        199]=xxxxxxxx
	DMEM[        200]=xxxxxxxx
	DMEM[        201]=xxxxxxxx
	DMEM[        202]=xxxxxxxx
	DMEM[        203]=xxxxxxxx
Stopped at time : 1000010 ns : File "//vmware-host/Shared Folders/shared_with_vm/141git/cs141/pa4/lab4_start/lab4_start/test_mips_multicycle.v" Line 91
# run all
Stopped at time : 20349275 ns : File "//vmware-host/Shared Folders/shared_with_vm/141git/cs141/pa4/lab4_start/lab4_start/remote_sources/_/synth_dual_port_memory.v" Line 79
ISim P.20131013 (signature 0x8ef4fb42)
WARNING: A WEBPACK license was found.
WARNING: Please use Xilinx License Configuration Manager to check out a full ISim license.
WARNING: ISim will run in Lite mode. Please refer to the ISim documentation for more information on the differences between the Lite and the Full version.
This is a Lite version of ISim.
WARNING: File "//vmware-host/Shared Folders/shared_with_vm/141git/cs141/pa4/lab4_start/lab4_start/mips_controller.v" Line 41.  For instance Controller/FunctMux/, width 32 of formal port X is not equal to width 6 of actual signal Funct.
WARNING: File "//vmware-host/Shared Folders/shared_with_vm/141git/cs141/pa4/lab4_start/lab4_start/mips_controller.v" Line 52.  For instance Controller/FunctMux/, width 32 of formal port Y is not equal to width 6 of actual variable FalseFunct. 
WARNING: File "//vmware-host/Shared Folders/shared_with_vm/141git/cs141/pa4/lab4_start/lab4_start/mips_controller.v" Line 54.  For instance Controller/FunctMux/, width 32 of formal port Z is not equal to width 6 of actual signal ALUFunct.
# run 1000 ns
Simulator is doing circuit initialization process.
no data file was supplied, using tests/zero.memh
initializing test_mips_multicycle.MEMORY's instruction memory from '                                                                              tests/current_test.memh' and data memory from '                                                                                      tests/zero.memh'
defaulting to 1000000 cycles
Finished circuit initialization process.
# run all
simulated      100000 cycles
Dumping data memory from address          64 ->         204:
	DMEM[         64]=00000001
	DMEM[         65]=00000002
	DMEM[         66]=00000003
	DMEM[         67]=00000004
	DMEM[         68]=00000005
	DMEM[         69]=00000006
	DMEM[         70]=00000007
	DMEM[         71]=00000008
	DMEM[         72]=00000001
	DMEM[         73]=00000002
	DMEM[         74]=00000003
	DMEM[         75]=00000004
	DMEM[         76]=00000005
	DMEM[         77]=00000006
	DMEM[         78]=00000007
	DMEM[         79]=00000008
	DMEM[         80]=00000001
	DMEM[         81]=00000002
	DMEM[         82]=00000003
	DMEM[         83]=00000004
	DMEM[         84]=00000005
	DMEM[         85]=00000006
	DMEM[         86]=00000007
	DMEM[         87]=00000008
	DMEM[         88]=00000001
	DMEM[         89]=00000002
	DMEM[         90]=00000003
	DMEM[         91]=00000004
	DMEM[         92]=00000005
	DMEM[         93]=00000006
	DMEM[         94]=00000007
	DMEM[         95]=00000008
	DMEM[         96]=00000001
	DMEM[         97]=00000002
	DMEM[         98]=00000003
	DMEM[         99]=00000004
	DMEM[        100]=00000005
	DMEM[        101]=00000006
	DMEM[        102]=00000007
	DMEM[        103]=00000008
	DMEM[        104]=00000001
	DMEM[        105]=00000002
	DMEM[        106]=00000003
	DMEM[        107]=00000004
	DMEM[        108]=00000005
	DMEM[        109]=00000006
	DMEM[        110]=00000007
	DMEM[        111]=00000008
	DMEM[        112]=00000001
	DMEM[        113]=00000002
	DMEM[        114]=00000003
	DMEM[        115]=00000004
	DMEM[        116]=00000005
	DMEM[        117]=00000006
	DMEM[        118]=00000007
	DMEM[        119]=00000008
	DMEM[        120]=00000001
	DMEM[        121]=00000002
	DMEM[        122]=00000003
	DMEM[        123]=00000004
	DMEM[        124]=00000005
	DMEM[        125]=00000006
	DMEM[        126]=00000007
	DMEM[        127]=00000008
	DMEM[        128]=xxxxxxxx
	DMEM[        129]=xxxxxxxx
	DMEM[        130]=xxxxxxxx
	DMEM[        131]=xxxxxxxx
	DMEM[        132]=xxxxxxxx
	DMEM[        133]=xxxxxxxx
	DMEM[        134]=xxxxxxxx
	DMEM[        135]=xxxxxxxx
	DMEM[        136]=xxxxxxxx
	DMEM[        137]=xxxxxxxx
	DMEM[        138]=xxxxxxxx
	DMEM[        139]=xxxxxxxx
	DMEM[        140]=xxxxxxxx
	DMEM[        141]=xxxxxxxx
	DMEM[        142]=xxxxxxxx
	DMEM[        143]=xxxxxxxx
	DMEM[        144]=xxxxxxxx
	DMEM[        145]=xxxxxxxx
	DMEM[        146]=xxxxxxxx
	DMEM[        147]=xxxxxxxx
	DMEM[        148]=xxxxxxxx
	DMEM[        149]=xxxxxxxx
	DMEM[        150]=xxxxxxxx
	DMEM[        151]=xxxxxxxx
	DMEM[        152]=xxxxxxxx
	DMEM[        153]=xxxxxxxx
	DMEM[        154]=xxxxxxxx
	DMEM[        155]=xxxxxxxx
	DMEM[        156]=xxxxxxxx
	DMEM[        157]=xxxxxxxx
	DMEM[        158]=xxxxxxxx
	DMEM[        159]=xxxxxxxx
	DMEM[        160]=xxxxxxxx
	DMEM[        161]=xxxxxxxx
	DMEM[        162]=xxxxxxxx
	DMEM[        163]=xxxxxxxx
	DMEM[        164]=xxxxxxxx
	DMEM[        165]=xxxxxxxx
	DMEM[        166]=xxxxxxxx
	DMEM[        167]=xxxxxxxx
	DMEM[        168]=xxxxxxxx
	DMEM[        169]=xxxxxxxx
	DMEM[        170]=xxxxxxxx
	DMEM[        171]=xxxxxxxx
	DMEM[        172]=xxxxxxxx
	DMEM[        173]=xxxxxxxx
	DMEM[        174]=xxxxxxxx
	DMEM[        175]=xxxxxxxx
	DMEM[        176]=xxxxxxxx
	DMEM[        177]=xxxxxxxx
	DMEM[        178]=xxxxxxxx
	DMEM[        179]=xxxxxxxx
	DMEM[        180]=xxxxxxxx
	DMEM[        181]=xxxxxxxx
	DMEM[        182]=xxxxxxxx
	DMEM[        183]=xxxxxxxx
	DMEM[        184]=xxxxxxxx
	DMEM[        185]=xxxxxxxx
	DMEM[        186]=xxxxxxxx
	DMEM[        187]=xxxxxxxx
	DMEM[        188]=xxxxxxxx
	DMEM[        189]=xxxxxxxx
	DMEM[        190]=xxxxxxxx
	DMEM[        191]=xxxxxxxx
	DMEM[        192]=xxxxxxxx
	DMEM[        193]=xxxxxxxx
	DMEM[        194]=xxxxxxxx
	DMEM[        195]=xxxxxxxx
	DMEM[        196]=xxxxxxxx
	DMEM[        197]=xxxxxxxx
	DMEM[        198]=xxxxxxxx
	DMEM[        199]=xxxxxxxx
	DMEM[        200]=xxxxxxxx
	DMEM[        201]=xxxxxxxx
	DMEM[        202]=xxxxxxxx
	DMEM[        203]=xxxxxxxx
Stopped at time : 1000010 ns : File "//vmware-host/Shared Folders/shared_with_vm/141git/cs141/pa4/lab4_start/lab4_start/test_mips_multicycle.v" Line 91
ISim P.20131013 (signature 0x8ef4fb42)
WARNING: A WEBPACK license was found.
WARNING: Please use Xilinx License Configuration Manager to check out a full ISim license.
WARNING: ISim will run in Lite mode. Please refer to the ISim documentation for more information on the differences between the Lite and the Full version.
This is a Lite version of ISim.
WARNING: File "//vmware-host/Shared Folders/shared_with_vm/141git/cs141/pa4/lab4_start/lab4_start/mips_controller.v" Line 41.  For instance Controller/FunctMux/, width 32 of formal port X is not equal to width 6 of actual signal Funct.
WARNING: File "//vmware-host/Shared Folders/shared_with_vm/141git/cs141/pa4/lab4_start/lab4_start/mips_controller.v" Line 52.  For instance Controller/FunctMux/, width 32 of formal port Y is not equal to width 6 of actual variable FalseFunct. 
WARNING: File "//vmware-host/Shared Folders/shared_with_vm/141git/cs141/pa4/lab4_start/lab4_start/mips_controller.v" Line 54.  For instance Controller/FunctMux/, width 32 of formal port Z is not equal to width 6 of actual signal ALUFunct.
# run 1000 ns
Simulator is doing circuit initialization process.
no data file was supplied, using tests/zero.memh
initializing test_mips_multicycle.MEMORY's instruction memory from '                                                                              tests/current_test.memh' and data memory from '                                                                                      tests/zero.memh'
defaulting to 1000000 cycles
Finished circuit initialization process.
ISim P.20131013 (signature 0x8ef4fb42)
WARNING: A WEBPACK license was found.
WARNING: Please use Xilinx License Configuration Manager to check out a full ISim license.
WARNING: ISim will run in Lite mode. Please refer to the ISim documentation for more information on the differences between the Lite and the Full version.
This is a Lite version of ISim.
WARNING: File "//vmware-host/Shared Folders/shared_with_vm/141git/cs141/pa4/lab4_start/lab4_start/mips_controller.v" Line 41.  For instance Controller/FunctMux/, width 32 of formal port X is not equal to width 6 of actual signal Funct.
WARNING: File "//vmware-host/Shared Folders/shared_with_vm/141git/cs141/pa4/lab4_start/lab4_start/mips_controller.v" Line 52.  For instance Controller/FunctMux/, width 32 of formal port Y is not equal to width 6 of actual variable FalseFunct. 
WARNING: File "//vmware-host/Shared Folders/shared_with_vm/141git/cs141/pa4/lab4_start/lab4_start/mips_controller.v" Line 54.  For instance Controller/FunctMux/, width 32 of formal port Z is not equal to width 6 of actual signal ALUFunct.
# run 1000 ns
Simulator is doing circuit initialization process.
no data file was supplied, using tests/zero.memh
initializing test_mips_multicycle.MEMORY's instruction memory from '                                                                              tests/current_test.memh' and data memory from '                                                                                      tests/zero.memh'
defaulting to 1000000 cycles
Finished circuit initialization process.
# run all
simulated      100000 cycles
Dumping data memory from address          64 ->         204:
	DMEM[         64]=00000001
	DMEM[         65]=00000002
	DMEM[         66]=00000003
	DMEM[         67]=00000004
	DMEM[         68]=00000005
	DMEM[         69]=00000006
	DMEM[         70]=00000007
	DMEM[         71]=00000008
	DMEM[         72]=00000001
	DMEM[         73]=00000002
	DMEM[         74]=00000003
	DMEM[         75]=00000004
	DMEM[         76]=00000005
	DMEM[         77]=00000006
	DMEM[         78]=00000007
	DMEM[         79]=00000008
	DMEM[         80]=00000001
	DMEM[         81]=00000002
	DMEM[         82]=00000003
	DMEM[         83]=00000004
	DMEM[         84]=00000005
	DMEM[         85]=00000006
	DMEM[         86]=00000007
	DMEM[         87]=00000008
	DMEM[         88]=00000001
	DMEM[         89]=00000002
	DMEM[         90]=00000003
	DMEM[         91]=00000004
	DMEM[         92]=00000005
	DMEM[         93]=00000006
	DMEM[         94]=00000007
	DMEM[         95]=00000008
	DMEM[         96]=00000001
	DMEM[         97]=00000002
	DMEM[         98]=00000003
	DMEM[         99]=00000004
	DMEM[        100]=00000005
	DMEM[        101]=00000006
	DMEM[        102]=00000007
	DMEM[        103]=00000008
	DMEM[        104]=00000001
	DMEM[        105]=00000002
	DMEM[        106]=00000003
	DMEM[        107]=00000004
	DMEM[        108]=00000005
	DMEM[        109]=00000006
	DMEM[        110]=00000007
	DMEM[        111]=00000008
	DMEM[        112]=00000001
	DMEM[        113]=00000002
	DMEM[        114]=00000003
	DMEM[        115]=00000004
	DMEM[        116]=00000005
	DMEM[        117]=00000006
	DMEM[        118]=00000007
	DMEM[        119]=00000008
	DMEM[        120]=00000001
	DMEM[        121]=00000002
	DMEM[        122]=00000003
	DMEM[        123]=00000004
	DMEM[        124]=00000005
	DMEM[        125]=00000006
	DMEM[        126]=00000007
	DMEM[        127]=00000008
	DMEM[        128]=xxxxxxxx
	DMEM[        129]=xxxxxxxx
	DMEM[        130]=00000059
	DMEM[        131]=0000006e
	DMEM[        132]=00000043
	DMEM[        133]=00000058
	DMEM[        134]=00000055
	DMEM[        135]=0000006a
	DMEM[        136]=00000069
	DMEM[        137]=00000082
	DMEM[        138]=0000003b
	DMEM[        139]=00000054
	DMEM[        140]=00000065
	DMEM[        141]=0000007e
	DMEM[        142]=00000079
	DMEM[        143]=00000096
	DMEM[        144]=00000073
	DMEM[        145]=00000090
	DMEM[        146]=00000075
	DMEM[        147]=00000092
	DMEM[        148]=00000089
	DMEM[        149]=000000aa
	DMEM[        150]=0000006b
	DMEM[        151]=0000008c
	DMEM[        152]=00000085
	DMEM[        153]=000000a6
	DMEM[        154]=00000059
	DMEM[        155]=0000006e
	DMEM[        156]=00000043
	DMEM[        157]=00000058
	DMEM[        158]=00000055
	DMEM[        159]=0000006a
	DMEM[        160]=00000069
	DMEM[        161]=00000082
	DMEM[        162]=0000003b
	DMEM[        163]=00000054
	DMEM[        164]=00000065
	DMEM[        165]=0000007e
	DMEM[        166]=xxxxxxxx
	DMEM[        167]=xxxxxxxx
	DMEM[        168]=xxxxxxxx
	DMEM[        169]=xxxxxxxx
	DMEM[        170]=xxxxxxxx
	DMEM[        171]=xxxxxxxx
	DMEM[        172]=xxxxxxxx
	DMEM[        173]=xxxxxxxx
	DMEM[        174]=xxxxxxxx
	DMEM[        175]=xxxxxxxx
	DMEM[        176]=xxxxxxxx
	DMEM[        177]=xxxxxxxx
	DMEM[        178]=xxxxxxxx
	DMEM[        179]=xxxxxxxx
	DMEM[        180]=xxxxxxxx
	DMEM[        181]=xxxxxxxx
	DMEM[        182]=xxxxxxxx
	DMEM[        183]=xxxxxxxx
	DMEM[        184]=xxxxxxxx
	DMEM[        185]=xxxxxxxx
	DMEM[        186]=xxxxxxxx
	DMEM[        187]=xxxxxxxx
	DMEM[        188]=xxxxxxxx
	DMEM[        189]=xxxxxxxx
	DMEM[        190]=xxxxxxxx
	DMEM[        191]=xxxxxxxx
	DMEM[        192]=xxxxxxxx
	DMEM[        193]=xxxxxxxx
	DMEM[        194]=xxxxxxxx
	DMEM[        195]=xxxxxxxx
	DMEM[        196]=xxxxxxxx
	DMEM[        197]=xxxxxxxx
	DMEM[        198]=xxxxxxxx
	DMEM[        199]=xxxxxxxx
	DMEM[        200]=xxxxxxxx
	DMEM[        201]=xxxxxxxx
	DMEM[        202]=xxxxxxxx
	DMEM[        203]=xxxxxxxx
Stopped at time : 1000010 ns : File "//vmware-host/Shared Folders/shared_with_vm/141git/cs141/pa4/lab4_start/lab4_start/test_mips_multicycle.v" Line 91
ISim P.20131013 (signature 0x8ef4fb42)
WARNING: A WEBPACK license was found.
WARNING: Please use Xilinx License Configuration Manager to check out a full ISim license.
WARNING: ISim will run in Lite mode. Please refer to the ISim documentation for more information on the differences between the Lite and the Full version.
This is a Lite version of ISim.
WARNING: File "//vmware-host/Shared Folders/shared_with_vm/141git/cs141/pa4/lab4_start/lab4_start/mips_controller.v" Line 41.  For instance Controller/FunctMux/, width 32 of formal port X is not equal to width 6 of actual signal Funct.
WARNING: File "//vmware-host/Shared Folders/shared_with_vm/141git/cs141/pa4/lab4_start/lab4_start/mips_controller.v" Line 52.  For instance Controller/FunctMux/, width 32 of formal port Y is not equal to width 6 of actual variable FalseFunct. 
WARNING: File "//vmware-host/Shared Folders/shared_with_vm/141git/cs141/pa4/lab4_start/lab4_start/mips_controller.v" Line 54.  For instance Controller/FunctMux/, width 32 of formal port Z is not equal to width 6 of actual signal ALUFunct.
# run 1000 ns
Simulator is doing circuit initialization process.
no data file was supplied, using tests/zero.memh
initializing test_mips_multicycle.MEMORY's instruction memory from '                                                                              tests/current_test.memh' and data memory from '                                                                                      tests/zero.memh'
defaulting to 1000000 cycles
Finished circuit initialization process.
# run all
simulated      100000 cycles
Dumping data memory from address          64 ->         204:
	DMEM[         64]=00000001
	DMEM[         65]=00000002
	DMEM[         66]=00000003
	DMEM[         67]=00000004
	DMEM[         68]=00000005
	DMEM[         69]=00000006
	DMEM[         70]=00000007
	DMEM[         71]=00000008
	DMEM[         72]=00000001
	DMEM[         73]=00000002
	DMEM[         74]=00000003
	DMEM[         75]=00000004
	DMEM[         76]=00000005
	DMEM[         77]=00000006
	DMEM[         78]=00000007
	DMEM[         79]=00000008
	DMEM[         80]=00000001
	DMEM[         81]=00000002
	DMEM[         82]=00000003
	DMEM[         83]=00000004
	DMEM[         84]=00000005
	DMEM[         85]=00000006
	DMEM[         86]=00000007
	DMEM[         87]=00000008
	DMEM[         88]=00000001
	DMEM[         89]=00000002
	DMEM[         90]=00000003
	DMEM[         91]=00000004
	DMEM[         92]=00000005
	DMEM[         93]=00000006
	DMEM[         94]=00000007
	DMEM[         95]=00000008
	DMEM[         96]=00000001
	DMEM[         97]=00000002
	DMEM[         98]=00000003
	DMEM[         99]=00000004
	DMEM[        100]=00000005
	DMEM[        101]=00000006
	DMEM[        102]=00000007
	DMEM[        103]=00000008
	DMEM[        104]=00000001
	DMEM[        105]=00000002
	DMEM[        106]=00000003
	DMEM[        107]=00000004
	DMEM[        108]=00000005
	DMEM[        109]=00000006
	DMEM[        110]=00000007
	DMEM[        111]=00000008
	DMEM[        112]=00000001
	DMEM[        113]=00000002
	DMEM[        114]=00000003
	DMEM[        115]=00000004
	DMEM[        116]=00000005
	DMEM[        117]=00000006
	DMEM[        118]=00000007
	DMEM[        119]=00000008
	DMEM[        120]=00000001
	DMEM[        121]=00000002
	DMEM[        122]=00000003
	DMEM[        123]=00000004
	DMEM[        124]=00000005
	DMEM[        125]=00000006
	DMEM[        126]=00000007
	DMEM[        127]=00000008
	DMEM[        128]=xxxxxxxx
	DMEM[        129]=xxxxxxxx
	DMEM[        130]=00000084
	DMEM[        131]=00000090
	DMEM[        132]=00000094
	DMEM[        133]=00000090
	DMEM[        134]=00000084
	DMEM[        135]=00000070
	DMEM[        136]=00000054
	DMEM[        137]=0000006a
	DMEM[        138]=0000007f
	DMEM[        139]=0000008c
	DMEM[        140]=00000091
	DMEM[        141]=0000008e
	DMEM[        142]=00000083
	DMEM[        143]=00000070
	DMEM[        144]=00000088
	DMEM[        145]=00000066
	DMEM[        146]=0000007c
	DMEM[        147]=0000008a
	DMEM[        148]=00000090
	DMEM[        149]=0000008e
	DMEM[        150]=00000084
	DMEM[        151]=0000009e
	DMEM[        152]=00000085
	DMEM[        153]=00000064
	DMEM[        154]=0000007b
	DMEM[        155]=0000008a
	DMEM[        156]=00000091
	DMEM[        157]=00000090
	DMEM[        158]=000000ac
	DMEM[        159]=0000009c
	DMEM[        160]=00000084
	DMEM[        161]=00000064
	DMEM[        162]=0000007c
	DMEM[        163]=0000008c
	DMEM[        164]=00000094
	DMEM[        165]=000000b2
	DMEM[        166]=000000ab
	DMEM[        167]=0000009c
	DMEM[        168]=00000085
	DMEM[        169]=00000066
	DMEM[        170]=0000007f
	DMEM[        171]=00000090
	DMEM[        172]=000000b0
	DMEM[        173]=000000b2
	DMEM[        174]=000000ac
	DMEM[        175]=0000009e
	DMEM[        176]=00000088
	DMEM[        177]=0000006a
	DMEM[        178]=00000084
	DMEM[        179]=xxxxxxxx
	DMEM[        180]=xxxxxxxx
	DMEM[        181]=xxxxxxxx
	DMEM[        182]=xxxxxxxx
	DMEM[        183]=xxxxxxxx
	DMEM[        184]=xxxxxxxx
	DMEM[        185]=xxxxxxxx
	DMEM[        186]=xxxxxxxx
	DMEM[        187]=xxxxxxxx
	DMEM[        188]=xxxxxxxx
	DMEM[        189]=xxxxxxxx
	DMEM[        190]=xxxxxxxx
	DMEM[        191]=xxxxxxxx
	DMEM[        192]=xxxxxxxx
	DMEM[        193]=xxxxxxxx
	DMEM[        194]=xxxxxxxx
	DMEM[        195]=xxxxxxxx
	DMEM[        196]=xxxxxxxx
	DMEM[        197]=xxxxxxxx
	DMEM[        198]=xxxxxxxx
	DMEM[        199]=xxxxxxxx
	DMEM[        200]=xxxxxxxx
	DMEM[        201]=xxxxxxxx
	DMEM[        202]=xxxxxxxx
	DMEM[        203]=xxxxxxxx
Stopped at time : 1000010 ns : File "//vmware-host/Shared Folders/shared_with_vm/141git/cs141/pa4/lab4_start/lab4_start/test_mips_multicycle.v" Line 91
ISim P.20131013 (signature 0x8ef4fb42)
WARNING: A WEBPACK license was found.
WARNING: Please use Xilinx License Configuration Manager to check out a full ISim license.
WARNING: ISim will run in Lite mode. Please refer to the ISim documentation for more information on the differences between the Lite and the Full version.
This is a Lite version of ISim.
WARNING: File "//vmware-host/Shared Folders/shared_with_vm/141git/cs141/pa4/lab4_start/lab4_start/mips_controller.v" Line 41.  For instance Controller/FunctMux/, width 32 of formal port X is not equal to width 6 of actual signal Funct.
WARNING: File "//vmware-host/Shared Folders/shared_with_vm/141git/cs141/pa4/lab4_start/lab4_start/mips_controller.v" Line 52.  For instance Controller/FunctMux/, width 32 of formal port Y is not equal to width 6 of actual variable FalseFunct. 
WARNING: File "//vmware-host/Shared Folders/shared_with_vm/141git/cs141/pa4/lab4_start/lab4_start/mips_controller.v" Line 54.  For instance Controller/FunctMux/, width 32 of formal port Z is not equal to width 6 of actual signal ALUFunct.
# run 1000 ns
Simulator is doing circuit initialization process.
no data file was supplied, using tests/zero.memh
initializing test_mips_multicycle.MEMORY's instruction memory from '                                                                              tests/current_test.memh' and data memory from '                                                                                      tests/zero.memh'
defaulting to 1000000 cycles
Finished circuit initialization process.
# run all
simulated      100000 cycles
Dumping data memory from address          64 ->         204:
	DMEM[         64]=00000001
	DMEM[         65]=00000002
	DMEM[         66]=00000003
	DMEM[         67]=00000004
	DMEM[         68]=00000005
	DMEM[         69]=00000006
	DMEM[         70]=00000007
	DMEM[         71]=00000008
	DMEM[         72]=00000001
	DMEM[         73]=00000002
	DMEM[         74]=00000003
	DMEM[         75]=00000004
	DMEM[         76]=00000005
	DMEM[         77]=00000006
	DMEM[         78]=00000007
	DMEM[         79]=00000008
	DMEM[         80]=00000001
	DMEM[         81]=00000002
	DMEM[         82]=00000003
	DMEM[         83]=00000004
	DMEM[         84]=00000005
	DMEM[         85]=00000006
	DMEM[         86]=00000007
	DMEM[         87]=00000008
	DMEM[         88]=00000001
	DMEM[         89]=00000002
	DMEM[         90]=00000003
	DMEM[         91]=00000004
	DMEM[         92]=00000005
	DMEM[         93]=00000006
	DMEM[         94]=00000007
	DMEM[         95]=00000008
	DMEM[         96]=00000001
	DMEM[         97]=00000002
	DMEM[         98]=00000003
	DMEM[         99]=00000004
	DMEM[        100]=00000005
	DMEM[        101]=00000006
	DMEM[        102]=00000007
	DMEM[        103]=00000008
	DMEM[        104]=00000001
	DMEM[        105]=00000002
	DMEM[        106]=00000003
	DMEM[        107]=00000004
	DMEM[        108]=00000005
	DMEM[        109]=00000006
	DMEM[        110]=00000007
	DMEM[        111]=00000008
	DMEM[        112]=00000001
	DMEM[        113]=00000002
	DMEM[        114]=00000003
	DMEM[        115]=00000004
	DMEM[        116]=00000005
	DMEM[        117]=00000006
	DMEM[        118]=00000007
	DMEM[        119]=00000008
	DMEM[        120]=00000001
	DMEM[        121]=00000002
	DMEM[        122]=00000003
	DMEM[        123]=00000004
	DMEM[        124]=00000005
	DMEM[        125]=00000006
	DMEM[        126]=00000007
	DMEM[        127]=00000008
	DMEM[        128]=xxxxxxxx
	DMEM[        129]=xxxxxxxx
	DMEM[        130]=00000024
	DMEM[        131]=00000048
	DMEM[        132]=0000006c
	DMEM[        133]=00000090
	DMEM[        134]=000000b4
	DMEM[        135]=000000d8
	DMEM[        136]=000000fc
	DMEM[        137]=00000120
	DMEM[        138]=00000024
	DMEM[        139]=00000048
	DMEM[        140]=0000006c
	DMEM[        141]=00000090
	DMEM[        142]=000000b4
	DMEM[        143]=000000d8
	DMEM[        144]=000000fc
	DMEM[        145]=00000120
	DMEM[        146]=00000024
	DMEM[        147]=00000048
	DMEM[        148]=0000006c
	DMEM[        149]=00000090
	DMEM[        150]=000000b4
	DMEM[        151]=000000d8
	DMEM[        152]=000000fc
	DMEM[        153]=00000120
	DMEM[        154]=00000024
	DMEM[        155]=00000048
	DMEM[        156]=0000006c
	DMEM[        157]=00000090
	DMEM[        158]=000000b4
	DMEM[        159]=000000d8
	DMEM[        160]=000000fc
	DMEM[        161]=00000120
	DMEM[        162]=00000024
	DMEM[        163]=00000048
	DMEM[        164]=0000006c
	DMEM[        165]=00000090
	DMEM[        166]=000000b4
	DMEM[        167]=000000d8
	DMEM[        168]=000000fc
	DMEM[        169]=00000120
	DMEM[        170]=00000024
	DMEM[        171]=00000048
	DMEM[        172]=0000006c
	DMEM[        173]=00000090
	DMEM[        174]=000000b4
	DMEM[        175]=000000d8
	DMEM[        176]=000000fc
	DMEM[        177]=00000120
	DMEM[        178]=00000024
	DMEM[        179]=00000048
	DMEM[        180]=0000006c
	DMEM[        181]=00000090
	DMEM[        182]=000000b4
	DMEM[        183]=000000d8
	DMEM[        184]=000000fc
	DMEM[        185]=00000120
	DMEM[        186]=00000024
	DMEM[        187]=00000048
	DMEM[        188]=0000006c
	DMEM[        189]=00000090
	DMEM[        190]=000000b4
	DMEM[        191]=000000d8
	DMEM[        192]=000000fc
	DMEM[        193]=00000120
	DMEM[        194]=xxxxxxxx
	DMEM[        195]=xxxxxxxx
	DMEM[        196]=xxxxxxxx
	DMEM[        197]=xxxxxxxx
	DMEM[        198]=xxxxxxxx
	DMEM[        199]=xxxxxxxx
	DMEM[        200]=xxxxxxxx
	DMEM[        201]=xxxxxxxx
	DMEM[        202]=xxxxxxxx
	DMEM[        203]=xxxxxxxx
Stopped at time : 1000010 ns : File "//vmware-host/Shared Folders/shared_with_vm/141git/cs141/pa4/lab4_start/lab4_start/test_mips_multicycle.v" Line 91
ISim P.20131013 (signature 0x8ef4fb42)
WARNING: A WEBPACK license was found.
WARNING: Please use Xilinx License Configuration Manager to check out a full ISim license.
WARNING: ISim will run in Lite mode. Please refer to the ISim documentation for more information on the differences between the Lite and the Full version.
This is a Lite version of ISim.
WARNING: File "//vmware-host/Shared Folders/shared_with_vm/141git/cs141/pa4/lab4_start/lab4_start/mips_controller.v" Line 41.  For instance Controller/FunctMux/, width 32 of formal port X is not equal to width 6 of actual signal Funct.
WARNING: File "//vmware-host/Shared Folders/shared_with_vm/141git/cs141/pa4/lab4_start/lab4_start/mips_controller.v" Line 52.  For instance Controller/FunctMux/, width 32 of formal port Y is not equal to width 6 of actual variable FalseFunct. 
WARNING: File "//vmware-host/Shared Folders/shared_with_vm/141git/cs141/pa4/lab4_start/lab4_start/mips_controller.v" Line 54.  For instance Controller/FunctMux/, width 32 of formal port Z is not equal to width 6 of actual signal ALUFunct.
# run 1000 ns
Simulator is doing circuit initialization process.
no data file was supplied, using tests/zero.memh
initializing test_mips_multicycle.MEMORY's instruction memory from '                                                                              tests/current_test.memh' and data memory from '                                                                                      tests/zero.memh'
defaulting to 1000000 cycles
Finished circuit initialization process.
# run all
simulated      100000 cycles
Dumping data memory from address          64 ->         204:
	DMEM[         64]=         1
	DMEM[         65]=         2
	DMEM[         66]=         3
	DMEM[         67]=         4
	DMEM[         68]=         5
	DMEM[         69]=         6
	DMEM[         70]=         7
	DMEM[         71]=         8
	DMEM[         72]=         1
	DMEM[         73]=         2
	DMEM[         74]=         3
	DMEM[         75]=         4
	DMEM[         76]=         5
	DMEM[         77]=         6
	DMEM[         78]=         7
	DMEM[         79]=         8
	DMEM[         80]=         1
	DMEM[         81]=         2
	DMEM[         82]=         3
	DMEM[         83]=         4
	DMEM[         84]=         5
	DMEM[         85]=         6
	DMEM[         86]=         7
	DMEM[         87]=         8
	DMEM[         88]=         1
	DMEM[         89]=         2
	DMEM[         90]=         3
	DMEM[         91]=         4
	DMEM[         92]=         5
	DMEM[         93]=         6
	DMEM[         94]=         7
	DMEM[         95]=         8
	DMEM[         96]=         1
	DMEM[         97]=         2
	DMEM[         98]=         3
	DMEM[         99]=         4
	DMEM[        100]=         5
	DMEM[        101]=         6
	DMEM[        102]=         7
	DMEM[        103]=         8
	DMEM[        104]=         1
	DMEM[        105]=         2
	DMEM[        106]=         3
	DMEM[        107]=         4
	DMEM[        108]=         5
	DMEM[        109]=         6
	DMEM[        110]=         7
	DMEM[        111]=         8
	DMEM[        112]=         1
	DMEM[        113]=         2
	DMEM[        114]=         3
	DMEM[        115]=         4
	DMEM[        116]=         5
	DMEM[        117]=         6
	DMEM[        118]=         7
	DMEM[        119]=         8
	DMEM[        120]=         1
	DMEM[        121]=         2
	DMEM[        122]=         3
	DMEM[        123]=         4
	DMEM[        124]=         5
	DMEM[        125]=         6
	DMEM[        126]=         7
	DMEM[        127]=         8
	DMEM[        128]=         x
	DMEM[        129]=         x
	DMEM[        130]=        36
	DMEM[        131]=        72
	DMEM[        132]=       108
	DMEM[        133]=       144
	DMEM[        134]=       180
	DMEM[        135]=       216
	DMEM[        136]=       252
	DMEM[        137]=       288
	DMEM[        138]=        36
	DMEM[        139]=        72
	DMEM[        140]=       108
	DMEM[        141]=       144
	DMEM[        142]=       180
	DMEM[        143]=       216
	DMEM[        144]=       252
	DMEM[        145]=       288
	DMEM[        146]=        36
	DMEM[        147]=        72
	DMEM[        148]=       108
	DMEM[        149]=       144
	DMEM[        150]=       180
	DMEM[        151]=       216
	DMEM[        152]=       252
	DMEM[        153]=       288
	DMEM[        154]=        36
	DMEM[        155]=        72
	DMEM[        156]=       108
	DMEM[        157]=       144
	DMEM[        158]=       180
	DMEM[        159]=       216
	DMEM[        160]=       252
	DMEM[        161]=       288
	DMEM[        162]=        36
	DMEM[        163]=        72
	DMEM[        164]=       108
	DMEM[        165]=       144
	DMEM[        166]=       180
	DMEM[        167]=       216
	DMEM[        168]=       252
	DMEM[        169]=       288
	DMEM[        170]=        36
	DMEM[        171]=        72
	DMEM[        172]=       108
	DMEM[        173]=       144
	DMEM[        174]=       180
	DMEM[        175]=       216
	DMEM[        176]=       252
	DMEM[        177]=       288
	DMEM[        178]=        36
	DMEM[        179]=        72
	DMEM[        180]=       108
	DMEM[        181]=       144
	DMEM[        182]=       180
	DMEM[        183]=       216
	DMEM[        184]=       252
	DMEM[        185]=       288
	DMEM[        186]=        36
	DMEM[        187]=        72
	DMEM[        188]=       108
	DMEM[        189]=       144
	DMEM[        190]=       180
	DMEM[        191]=       216
	DMEM[        192]=       252
	DMEM[        193]=       288
	DMEM[        194]=         x
	DMEM[        195]=         x
	DMEM[        196]=         x
	DMEM[        197]=         x
	DMEM[        198]=         x
	DMEM[        199]=         x
	DMEM[        200]=         x
	DMEM[        201]=         x
	DMEM[        202]=         x
	DMEM[        203]=         x
Stopped at time : 1000010 ns : File "//vmware-host/Shared Folders/shared_with_vm/141git/cs141/pa4/lab4_start/lab4_start/test_mips_multicycle.v" Line 91
ISim P.20131013 (signature 0x8ef4fb42)
WARNING: A WEBPACK license was found.
WARNING: Please use Xilinx License Configuration Manager to check out a full ISim license.
WARNING: ISim will run in Lite mode. Please refer to the ISim documentation for more information on the differences between the Lite and the Full version.
This is a Lite version of ISim.
WARNING: File "//vmware-host/Shared Folders/shared_with_vm/141git/cs141/pa4/lab4_start/lab4_start/mips_controller.v" Line 41.  For instance Controller/FunctMux/, width 32 of formal port X is not equal to width 6 of actual signal Funct.
WARNING: File "//vmware-host/Shared Folders/shared_with_vm/141git/cs141/pa4/lab4_start/lab4_start/mips_controller.v" Line 52.  For instance Controller/FunctMux/, width 32 of formal port Y is not equal to width 6 of actual variable FalseFunct. 
WARNING: File "//vmware-host/Shared Folders/shared_with_vm/141git/cs141/pa4/lab4_start/lab4_start/mips_controller.v" Line 54.  For instance Controller/FunctMux/, width 32 of formal port Z is not equal to width 6 of actual signal ALUFunct.
# run 1000 ns
Simulator is doing circuit initialization process.
no data file was supplied, using tests/zero.memh
initializing test_mips_multicycle.MEMORY's instruction memory from '                                                                              tests/current_test.memh' and data memory from '                                                                                      tests/zero.memh'
defaulting to 1000000 cycles
Finished circuit initialization process.
# run all
NOT taking the branch 0
NOT taking the branch 0
NOT taking the branch 0
NOT taking the branch 0
NOT taking the branch 0
NOT taking the branch 0
NOT taking the branch 0
NOT taking the branch 0
NOT taking the branch 0
NOT taking the branch 0
NOT taking the branch 0
NOT taking the branch 0
NOT taking the branch 0
NOT taking the branch 0
NOT taking the branch 0
NOT taking the branch 0
NOT taking the branch 0
NOT taking the branch 0
NOT taking the branch 0
NOT taking the branch 0
NOT taking the branch 0
NOT taking the branch 0
NOT taking the branch 0
NOT taking the branch 0
NOT taking the branch 0
NOT taking the branch 0
NOT taking the branch 0
NOT taking the branch 0
NOT taking the branch 0
NOT taking the branch 0
NOT taking the branch 0
NOT taking the branch 0
NOT taking the branch 0
NOT taking the branch 0
NOT taking the branch 0
NOT taking the branch 0
NOT taking the branch 0
NOT taking the branch 0
NOT taking the branch 0
NOT taking the branch 0
NOT taking the branch 0
NOT taking the branch 0
NOT taking the branch 0
NOT taking the branch 0
NOT taking the branch 0
NOT taking the branch 0
NOT taking the branch 0
NOT taking the branch 0
NOT taking the branch 0
NOT taking the branch 0
NOT taking the branch 0
NOT taking the branch 0
NOT taking the branch 0
NOT taking the branch 0
NOT taking the branch 0
NOT taking the branch 0
NOT taking the branch 0
NOT taking the branch 0
NOT taking the branch 0
NOT taking the branch 0
NOT taking the branch 0
NOT taking the branch 0
NOT taking the branch 0
NOT taking the branch 0
NOT taking the branch 0
NOT taking the branch 0
NOT taking the branch 0
NOT taking the branch 0
NOT taking the branch 0
NOT taking the branch 0
NOT taking the branch 0
NOT taking the branch 0
NOT taking the branch 0
NOT taking the branch 0
NOT taking the branch 0
NOT taking the branch 0
NOT taking the branch 0
NOT taking the branch 0
NOT taking the branch 0
NOT taking the branch 0
NOT taking the branch 0
NOT taking the branch 0
NOT taking the branch 0
NOT taking the branch 0
NOT taking the branch 0
NOT taking the branch 0
NOT taking the branch 0
NOT taking the branch 0
NOT taking the branch 0
NOT taking the branch 0
NOT taking the branch 0
NOT taking the branch 0
NOT taking the branch 0
NOT taking the branch 0
NOT taking the branch 0
NOT taking the branch 0
NOT taking the branch 0
NOT taking the branch 0
NOT taking the branch 0
NOT taking the branch 0
NOT taking the branch 0
NOT taking the branch 0
NOT taking the branch 0
NOT taking the branch 0
NOT taking the branch 0
NOT taking the branch 0
NOT taking the branch 0
NOT taking the branch 0
NOT taking the branch 0
NOT taking the branch 0
NOT taking the branch 0
NOT taking the branch 0
NOT taking the branch 0
NOT taking the branch 0
NOT taking the branch 0
NOT taking the branch 0
NOT taking the branch 0
NOT taking the branch 0
NOT taking the branch 0
NOT taking the branch 0
NOT taking the branch 0
NOT taking the branch 0
NOT taking the branch 0
NOT taking the branch 0
NOT taking the branch 0
NOT taking the branch 0
NOT taking the branch 0
NOT taking the branch 0
NOT taking the branch 0
NOT taking the branch 0
NOT taking the branch 0
NOT taking the branch 0
NOT taking the branch 0
NOT taking the branch 0
NOT taking the branch 0
NOT taking the branch 0
NOT taking the branch 0
NOT taking the branch 0
NOT taking the branch 0
NOT taking the branch 0
NOT taking the branch 0
NOT taking the branch 0
NOT taking the branch 0
NOT taking the branch 0
NOT taking the branch 0
NOT taking the branch 0
NOT taking the branch 0
NOT taking the branch 0
NOT taking the branch 0
NOT taking the branch 0
NOT taking the branch 0
NOT taking the branch 0
NOT taking the branch 0
NOT taking the branch 0
NOT taking the branch 0
NOT taking the branch 0
NOT taking the branch 0
NOT taking the branch 0
NOT taking the branch 0
NOT taking the branch 0
NOT taking the branch 0
NOT taking the branch 0
NOT taking the branch 0
NOT taking the branch 0
NOT taking the branch 0
NOT taking the branch 0
NOT taking the branch 0
NOT taking the branch 0
NOT taking the branch 0
NOT taking the branch 0
NOT taking the branch 0
NOT taking the branch 0
NOT taking the branch 0
NOT taking the branch 0
NOT taking the branch 0
NOT taking the branch 0
NOT taking the branch 0
NOT taking the branch 0
NOT taking the branch 0
NOT taking the branch 0
NOT taking the branch 0
NOT taking the branch 0
NOT taking the branch 0
NOT taking the branch 0
NOT taking the branch 0
NOT taking the branch 0
NOT taking the branch 0
NOT taking the branch 0
NOT taking the branch 0
NOT taking the branch 0
NOT taking the branch 0
NOT taking the branch 0
NOT taking the branch 0
NOT taking the branch 0
NOT taking the branch 0
NOT taking the branch 0
NOT taking the branch 0
NOT taking the branch 0
NOT taking the branch 0
NOT taking the branch 0
NOT taking the branch 0
NOT taking the branch 0
NOT taking the branch 0
NOT taking the branch 0
NOT taking the branch 0
NOT taking the branch 0
NOT taking the branch 0
NOT taking the branch 0
NOT taking the branch 0
NOT taking the branch 0
NOT taking the branch 0
NOT taking the branch 0
NOT taking the branch 0
NOT taking the branch 0
NOT taking the branch 0
NOT taking the branch 0
NOT taking the branch 0
NOT taking the branch 0
NOT taking the branch 0
NOT taking the branch 0
NOT taking the branch 0
NOT taking the branch 0
NOT taking the branch 0
NOT taking the branch 0
NOT taking the branch 0
NOT taking the branch 0
NOT taking the branch 0
NOT taking the branch 0
NOT taking the branch 0
NOT taking the branch 0
NOT taking the branch 0
NOT taking the branch 0
NOT taking the branch 0
NOT taking the branch 0
NOT taking the branch 0
NOT taking the branch 0
NOT taking the branch 0
NOT taking the branch 0
NOT taking the branch 0
NOT taking the branch 0
NOT taking the branch 0
NOT taking the branch 0
NOT taking the branch 0
NOT taking the branch 0
NOT taking the branch 0
NOT taking the branch 0
NOT taking the branch 0
NOT taking the branch 0
NOT taking the branch 0
NOT taking the branch 0
NOT taking the branch 0
NOT taking the branch 0
NOT taking the branch 0
NOT taking the branch 0
NOT taking the branch 0
NOT taking the branch 0
NOT taking the branch 0
NOT taking the branch 0
NOT taking the branch 0
NOT taking the branch 0
NOT taking the branch 0
NOT taking the branch 0
NOT taking the branch 0
NOT taking the branch 0
NOT taking the branch 0
NOT taking the branch 0
NOT taking the branch 0
NOT taking the branch 0
NOT taking the branch 0
NOT taking the branch 0
NOT taking the branch 0
NOT taking the branch 0
NOT taking the branch 0
NOT taking the branch 0
NOT taking the branch 0
NOT taking the branch 0
NOT taking the branch 0
NOT taking the branch 0
NOT taking the branch 0
NOT taking the branch 0
NOT taking the branch 0
NOT taking the branch 0
NOT taking the branch 0
NOT taking the branch 0
NOT taking the branch 0
NOT taking the branch 0
NOT taking the branch 0
NOT taking the branch 0
NOT taking the branch 0
NOT taking the branch 0
NOT taking the branch 0
NOT taking the branch 0
NOT taking the branch 0
NOT taking the branch 0
NOT taking the branch 0
NOT taking the branch 0
NOT taking the branch 0
NOT taking the branch 0
NOT taking the branch 0
NOT taking the branch 0
NOT taking the branch 0
NOT taking the branch 0
NOT taking the branch 0
NOT taking the branch 0
NOT taking the branch 0
NOT taking the branch 0
NOT taking the branch 0
NOT taking the branch 0
NOT taking the branch 0
NOT taking the branch 0
NOT taking the branch 0
NOT taking the branch 0
NOT taking the branch 0
NOT taking the branch 0
NOT taking the branch 0
NOT taking the branch 0
NOT taking the branch 0
NOT taking the branch 0
NOT taking the branch 0
NOT taking the branch 0
NOT taking the branch 0
NOT taking the branch 0
NOT taking the branch 0
NOT taking the branch 0
NOT taking the branch 0
NOT taking the branch 0
NOT taking the branch 0
NOT taking the branch 0
NOT taking the branch 0
NOT taking the branch 0
NOT taking the branch 0
NOT taking the branch 0
NOT taking the branch 0
NOT taking the branch 0
NOT taking the branch 0
NOT taking the branch 0
NOT taking the branch 0
NOT taking the branch 0
NOT taking the branch 0
NOT taking the branch 0
NOT taking the branch 0
NOT taking the branch 0
NOT taking the branch 0
NOT taking the branch 0
NOT taking the branch 0
NOT taking the branch 0
NOT taking the branch 0
NOT taking the branch 0
NOT taking the branch 0
NOT taking the branch 0
NOT taking the branch 0
NOT taking the branch 0
NOT taking the branch 0
NOT taking the branch 0
NOT taking the branch 0
NOT taking the branch 0
NOT taking the branch 0
NOT taking the branch 0
NOT taking the branch 0
NOT taking the branch 0
NOT taking the branch 0
NOT taking the branch 0
NOT taking the branch 0
NOT taking the branch 0
NOT taking the branch 0
NOT taking the branch 0
NOT taking the branch 0
NOT taking the branch 0
NOT taking the branch 0
NOT taking the branch 0
NOT taking the branch 0
NOT taking the branch 0
NOT taking the branch 0
NOT taking the branch 0
NOT taking the branch 0
NOT taking the branch 0
NOT taking the branch 0
NOT taking the branch 0
NOT taking the branch 0
NOT taking the branch 0
NOT taking the branch 0
NOT taking the branch 0
NOT taking the branch 0
NOT taking the branch 0
NOT taking the branch 0
NOT taking the branch 0
NOT taking the branch 0
NOT taking the branch 0
NOT taking the branch 0
NOT taking the branch 0
NOT taking the branch 0
NOT taking the branch 0
NOT taking the branch 0
NOT taking the branch 0
NOT taking the branch 0
NOT taking the branch 0
NOT taking the branch 0
NOT taking the branch 0
NOT taking the branch 0
NOT taking the branch 0
NOT taking the branch 0
NOT taking the branch 0
NOT taking the branch 0
NOT taking the branch 0
NOT taking the branch 0
NOT taking the branch 0
NOT taking the branch 0
NOT taking the branch 0
NOT taking the branch 0
NOT taking the branch 0
NOT taking the branch 0
NOT taking the branch 0
NOT taking the branch 0
NOT taking the branch 0
NOT taking the branch 0
NOT taking the branch 0
NOT taking the branch 0
NOT taking the branch 0
NOT taking the branch 0
NOT taking the branch 0
NOT taking the branch 0
NOT taking the branch 0
NOT taking the branch 0
NOT taking the branch 0
NOT taking the branch 0
NOT taking the branch 0
NOT taking the branch 0
NOT taking the branch 0
NOT taking the branch 0
NOT taking the branch 0
NOT taking the branch 0
NOT taking the branch 0
NOT taking the branch 0
NOT taking the branch 0
NOT taking the branch 0
NOT taking the branch 0
NOT taking the branch 0
NOT taking the branch 0
NOT taking the branch 0
NOT taking the branch 0
NOT taking the branch 0
NOT taking the branch 0
NOT taking the branch 0
NOT taking the branch 0
NOT taking the branch 0
NOT taking the branch 0
NOT taking the branch 0
NOT taking the branch 0
NOT taking the branch 0
NOT taking the branch 0
NOT taking the branch 0
NOT taking the branch 0
NOT taking the branch 0
NOT taking the branch 0
NOT taking the branch 0
NOT taking the branch 0
NOT taking the branch 0
NOT taking the branch 0
NOT taking the branch 0
NOT taking the branch 0
NOT taking the branch 0
NOT taking the branch 0
NOT taking the branch 0
NOT taking the branch 0
NOT taking the branch 0
NOT taking the branch 0
NOT taking the branch 0
NOT taking the branch 0
NOT taking the branch 0
NOT taking the branch 0
NOT taking the branch 0
NOT taking the branch 0
NOT taking the branch 0
NOT taking the branch 0
NOT taking the branch 0
NOT taking the branch 0
NOT taking the branch 0
NOT taking the branch 0
NOT taking the branch 0
NOT taking the branch 0
NOT taking the branch 0
NOT taking the branch 0
NOT taking the branch 0
NOT taking the branch 0
NOT taking the branch 0
NOT taking the branch 0
NOT taking the branch 0
NOT taking the branch 0
NOT taking the branch 0
NOT taking the branch 0
NOT taking the branch 0
NOT taking the branch 0
NOT taking the branch 0
NOT taking the branch 0
NOT taking the branch 0
NOT taking the branch 0
NOT taking the branch 0
NOT taking the branch 0
NOT taking the branch 0
NOT taking the branch 0
NOT taking the branch 0
NOT taking the branch 0
NOT taking the branch 0
NOT taking the branch 0
NOT taking the branch 0
NOT taking the branch 0
NOT taking the branch 0
NOT taking the branch 0
NOT taking the branch 0
NOT taking the branch 0
NOT taking the branch 0
NOT taking the branch 0
NOT taking the branch 0
NOT taking the branch 0
NOT taking the branch 0
NOT taking the branch 0
NOT taking the branch 0
NOT taking the branch 0
NOT taking the branch 0
NOT taking the branch 0
NOT taking the branch 0
NOT taking the branch 0
NOT taking the branch 0
NOT taking the branch 0
NOT taking the branch 0
NOT taking the branch 0
NOT taking the branch 0
NOT taking the branch 0
NOT taking the branch 0
NOT taking the branch 0
NOT taking the branch 0
NOT taking the branch 0
NOT taking the branch 0
NOT taking the branch 0
NOT taking the branch 0
NOT taking the branch 0
NOT taking the branch 0
NOT taking the branch 0
NOT taking the branch 0
NOT taking the branch 0
NOT taking the branch 0
NOT taking the branch 0
NOT taking the branch 0
NOT taking the branch 0
NOT taking the branch 0
NOT taking the branch 0
NOT taking the branch 0
NOT taking the branch 0
NOT taking the branch 0
NOT taking the branch 0
NOT taking the branch 0
NOT taking the branch 0
NOT taking the branch 0
NOT taking the branch 0
NOT taking the branch 0
NOT taking the branch 0
NOT taking the branch 0
NOT taking the branch 0
NOT taking the branch 0
NOT taking the branch 0
NOT taking the branch 0
NOT taking the branch 0
NOT taking the branch 0
NOT taking the branch 0
NOT taking the branch 0
NOT taking the branch 0
NOT taking the branch 0
NOT taking the branch 0
NOT taking the branch 0
NOT taking the branch 0
NOT taking the branch 0
NOT taking the branch 0
NOT taking the branch 0
NOT taking the branch 0
NOT taking the branch 0
NOT taking the branch 0
NOT taking the branch 0
NOT taking the branch 0
NOT taking the branch 0
NOT taking the branch 0
NOT taking the branch 0
NOT taking the branch 0
NOT taking the branch 0
NOT taking the branch 0
NOT taking the branch 0
NOT taking the branch 0
NOT taking the branch 0
NOT taking the branch 0
NOT taking the branch 0
NOT taking the branch 0
NOT taking the branch 0
NOT taking the branch 0
NOT taking the branch 0
NOT taking the branch 0
NOT taking the branch 0
NOT taking the branch 0
NOT taking the branch 0
NOT taking the branch 0
NOT taking the branch 0
NOT taking the branch 0
NOT taking the branch 0
NOT taking the branch 0
NOT taking the branch 0
NOT taking the branch 0
NOT taking the branch 0
NOT taking the branch 0
NOT taking the branch 0
NOT taking the branch 0
NOT taking the branch 0
NOT taking the branch 0
NOT taking the branch 0
NOT taking the branch 0
NOT taking the branch 0
NOT taking the branch 0
NOT taking the branch 0
NOT taking the branch 0
NOT taking the branch 0
NOT taking the branch 0
NOT taking the branch 0
NOT taking the branch 0
NOT taking the branch 0
NOT taking the branch 0
NOT taking the branch 0
NOT taking the branch 0
NOT taking the branch 0
NOT taking the branch 0
NOT taking the branch 0
NOT taking the branch 0
NOT taking the branch 0
NOT taking the branch 0
NOT taking the branch 0
NOT taking the branch 0
NOT taking the branch 0
NOT taking the branch 0
NOT taking the branch 0
NOT taking the branch 0
NOT taking the branch 0
NOT taking the branch 0
NOT taking the branch 0
NOT taking the branch 0
NOT taking the branch 0
NOT taking the branch 0
NOT taking the branch 0
NOT taking the branch 0
NOT taking the branch 0
NOT taking the branch 0
NOT taking the branch 0
NOT taking the branch 0
NOT taking the branch 0
NOT taking the branch 0
NOT taking the branch 0
NOT taking the branch 0
NOT taking the branch 0
NOT taking the branch 0
NOT taking the branch 0
NOT taking the branch 0
NOT taking the branch 0
simulated      100000 cycles
Dumping data memory from address          64 ->         204:
	DMEM[         64]=         1
	DMEM[         65]=         2
	DMEM[         66]=         3
	DMEM[         67]=         4
	DMEM[         68]=         5
	DMEM[         69]=         6
	DMEM[         70]=         7
	DMEM[         71]=         8
	DMEM[         72]=         1
	DMEM[         73]=         2
	DMEM[         74]=         3
	DMEM[         75]=         4
	DMEM[         76]=         5
	DMEM[         77]=         6
	DMEM[         78]=         7
	DMEM[         79]=         8
	DMEM[         80]=         1
	DMEM[         81]=         2
	DMEM[         82]=         3
	DMEM[         83]=         4
	DMEM[         84]=         5
	DMEM[         85]=         6
	DMEM[         86]=         7
	DMEM[         87]=         8
	DMEM[         88]=         1
	DMEM[         89]=         2
	DMEM[         90]=         3
	DMEM[         91]=         4
	DMEM[         92]=         5
	DMEM[         93]=         6
	DMEM[         94]=         7
	DMEM[         95]=         8
	DMEM[         96]=         1
	DMEM[         97]=         2
	DMEM[         98]=         3
	DMEM[         99]=         4
	DMEM[        100]=         5
	DMEM[        101]=         6
	DMEM[        102]=         7
	DMEM[        103]=         8
	DMEM[        104]=         1
	DMEM[        105]=         2
	DMEM[        106]=         3
	DMEM[        107]=         4
	DMEM[        108]=         5
	DMEM[        109]=         6
	DMEM[        110]=         7
	DMEM[        111]=         8
	DMEM[        112]=         1
	DMEM[        113]=         2
	DMEM[        114]=         3
	DMEM[        115]=         4
	DMEM[        116]=         5
	DMEM[        117]=         6
	DMEM[        118]=         7
	DMEM[        119]=         8
	DMEM[        120]=         1
	DMEM[        121]=         2
	DMEM[        122]=         3
	DMEM[        123]=         4
	DMEM[        124]=         5
	DMEM[        125]=         6
	DMEM[        126]=         7
	DMEM[        127]=         8
	DMEM[        128]=         x
	DMEM[        129]=         x
	DMEM[        130]=        36
	DMEM[        131]=        72
	DMEM[        132]=       108
	DMEM[        133]=       144
	DMEM[        134]=       180
	DMEM[        135]=       216
	DMEM[        136]=       252
	DMEM[        137]=       288
	DMEM[        138]=        36
	DMEM[        139]=        72
	DMEM[        140]=       108
	DMEM[        141]=       144
	DMEM[        142]=       180
	DMEM[        143]=       216
	DMEM[        144]=       252
	DMEM[        145]=       288
	DMEM[        146]=        36
	DMEM[        147]=        72
	DMEM[        148]=       108
	DMEM[        149]=       144
	DMEM[        150]=       180
	DMEM[        151]=       216
	DMEM[        152]=       252
	DMEM[        153]=       288
	DMEM[        154]=        36
	DMEM[        155]=        72
	DMEM[        156]=       108
	DMEM[        157]=       144
	DMEM[        158]=       180
	DMEM[        159]=       216
	DMEM[        160]=       252
	DMEM[        161]=       288
	DMEM[        162]=        36
	DMEM[        163]=        72
	DMEM[        164]=       108
	DMEM[        165]=       144
	DMEM[        166]=       180
	DMEM[        167]=       216
	DMEM[        168]=       252
	DMEM[        169]=       288
	DMEM[        170]=        36
	DMEM[        171]=        72
	DMEM[        172]=       108
	DMEM[        173]=       144
	DMEM[        174]=       180
	DMEM[        175]=       216
	DMEM[        176]=       252
	DMEM[        177]=       288
	DMEM[        178]=        36
	DMEM[        179]=        72
	DMEM[        180]=       108
	DMEM[        181]=       144
	DMEM[        182]=       180
	DMEM[        183]=       216
	DMEM[        184]=       252
	DMEM[        185]=       288
	DMEM[        186]=        36
	DMEM[        187]=        72
	DMEM[        188]=       108
	DMEM[        189]=       144
	DMEM[        190]=       180
	DMEM[        191]=       216
	DMEM[        192]=       252
	DMEM[        193]=       288
	DMEM[        194]=         x
	DMEM[        195]=         x
	DMEM[        196]=         x
	DMEM[        197]=         x
	DMEM[        198]=         x
	DMEM[        199]=         x
	DMEM[        200]=         x
	DMEM[        201]=         x
	DMEM[        202]=         x
	DMEM[        203]=         x
Stopped at time : 1000010 ns : File "//vmware-host/Shared Folders/shared_with_vm/141git/cs141/pa4/lab4_start/lab4_start/test_mips_multicycle.v" Line 91
ISim P.20131013 (signature 0x8ef4fb42)
WARNING: A WEBPACK license was found.
WARNING: Please use Xilinx License Configuration Manager to check out a full ISim license.
WARNING: ISim will run in Lite mode. Please refer to the ISim documentation for more information on the differences between the Lite and the Full version.
This is a Lite version of ISim.
WARNING: File "//vmware-host/Shared Folders/shared_with_vm/141git/cs141/pa4/lab4_start/lab4_start/mips_controller.v" Line 41.  For instance Controller/FunctMux/, width 32 of formal port X is not equal to width 6 of actual signal Funct.
WARNING: File "//vmware-host/Shared Folders/shared_with_vm/141git/cs141/pa4/lab4_start/lab4_start/mips_controller.v" Line 52.  For instance Controller/FunctMux/, width 32 of formal port Y is not equal to width 6 of actual variable FalseFunct. 
WARNING: File "//vmware-host/Shared Folders/shared_with_vm/141git/cs141/pa4/lab4_start/lab4_start/mips_controller.v" Line 54.  For instance Controller/FunctMux/, width 32 of formal port Z is not equal to width 6 of actual signal ALUFunct.
# run 1000 ns
Simulator is doing circuit initialization process.
no data file was supplied, using tests/zero.memh
initializing test_mips_multicycle.MEMORY's instruction memory from '                                                                              tests/current_test.memh' and data memory from '                                                                                      tests/zero.memh'
defaulting to 1000000 cycles
Finished circuit initialization process.
# run all
simulated      100000 cycles
Dumping data memory from address          64 ->         204:
	DMEM[         64]=         1
	DMEM[         65]=         2
	DMEM[         66]=         3
	DMEM[         67]=         4
	DMEM[         68]=         5
	DMEM[         69]=         6
	DMEM[         70]=         7
	DMEM[         71]=         8
	DMEM[         72]=         1
	DMEM[         73]=         2
	DMEM[         74]=         3
	DMEM[         75]=         4
	DMEM[         76]=         5
	DMEM[         77]=         6
	DMEM[         78]=         7
	DMEM[         79]=         8
	DMEM[         80]=         1
	DMEM[         81]=         2
	DMEM[         82]=         3
	DMEM[         83]=         4
	DMEM[         84]=         5
	DMEM[         85]=         6
	DMEM[         86]=         7
	DMEM[         87]=         8
	DMEM[         88]=         1
	DMEM[         89]=         2
	DMEM[         90]=         3
	DMEM[         91]=         4
	DMEM[         92]=         5
	DMEM[         93]=         6
	DMEM[         94]=         7
	DMEM[         95]=         8
	DMEM[         96]=         1
	DMEM[         97]=         2
	DMEM[         98]=         3
	DMEM[         99]=         4
	DMEM[        100]=         5
	DMEM[        101]=         6
	DMEM[        102]=         7
	DMEM[        103]=         8
	DMEM[        104]=         1
	DMEM[        105]=         2
	DMEM[        106]=         3
	DMEM[        107]=         4
	DMEM[        108]=         5
	DMEM[        109]=         6
	DMEM[        110]=         7
	DMEM[        111]=         8
	DMEM[        112]=         1
	DMEM[        113]=         2
	DMEM[        114]=         3
	DMEM[        115]=         4
	DMEM[        116]=         5
	DMEM[        117]=         6
	DMEM[        118]=         7
	DMEM[        119]=         8
	DMEM[        120]=         1
	DMEM[        121]=         2
	DMEM[        122]=         3
	DMEM[        123]=         4
	DMEM[        124]=         5
	DMEM[        125]=         6
	DMEM[        126]=         7
	DMEM[        127]=         8
	DMEM[        128]=         x
	DMEM[        129]=         x
	DMEM[        130]=        36
	DMEM[        131]=        72
	DMEM[        132]=       108
	DMEM[        133]=       144
	DMEM[        134]=       180
	DMEM[        135]=       216
	DMEM[        136]=       252
	DMEM[        137]=       288
	DMEM[        138]=        36
	DMEM[        139]=        72
	DMEM[        140]=       108
	DMEM[        141]=       144
	DMEM[        142]=       180
	DMEM[        143]=       216
	DMEM[        144]=       252
	DMEM[        145]=       288
	DMEM[        146]=        36
	DMEM[        147]=        72
	DMEM[        148]=       108
	DMEM[        149]=       144
	DMEM[        150]=       180
	DMEM[        151]=       216
	DMEM[        152]=       252
	DMEM[        153]=       288
	DMEM[        154]=        36
	DMEM[        155]=        72
	DMEM[        156]=       108
	DMEM[        157]=       144
	DMEM[        158]=       180
	DMEM[        159]=       216
	DMEM[        160]=       252
	DMEM[        161]=       288
	DMEM[        162]=        36
	DMEM[        163]=        72
	DMEM[        164]=       108
	DMEM[        165]=       144
	DMEM[        166]=       180
	DMEM[        167]=       216
	DMEM[        168]=       252
	DMEM[        169]=       288
	DMEM[        170]=        36
	DMEM[        171]=        72
	DMEM[        172]=       108
	DMEM[        173]=       144
	DMEM[        174]=       180
	DMEM[        175]=       216
	DMEM[        176]=       252
	DMEM[        177]=       288
	DMEM[        178]=        36
	DMEM[        179]=        72
	DMEM[        180]=       108
	DMEM[        181]=       144
	DMEM[        182]=       180
	DMEM[        183]=       216
	DMEM[        184]=       252
	DMEM[        185]=       288
	DMEM[        186]=        36
	DMEM[        187]=        72
	DMEM[        188]=       108
	DMEM[        189]=       144
	DMEM[        190]=       180
	DMEM[        191]=       216
	DMEM[        192]=       252
	DMEM[        193]=       288
	DMEM[        194]=         x
	DMEM[        195]=         x
	DMEM[        196]=         x
	DMEM[        197]=         x
	DMEM[        198]=         x
	DMEM[        199]=         x
	DMEM[        200]=         x
	DMEM[        201]=         x
	DMEM[        202]=         x
	DMEM[        203]=         x
Stopped at time : 1000010 ns : File "//vmware-host/Shared Folders/shared_with_vm/141git/cs141/pa4/lab4_start/lab4_start/test_mips_multicycle.v" Line 91
