ISim log file
Running: Z:\shared_folder\cs141\pa3\lab3_start\test_traffic_light_controller_isim_beh.exe -intstyle ise -gui -tclbatch isim.cmd -wdb Z:/shared_folder/cs141/pa3/lab3_start/test_traffic_light_controller_isim_beh.wdb 
ISim P.20131013 (signature 0x8ef4fb42)
WARNING: A WEBPACK license was found.
WARNING: Please use Xilinx License Configuration Manager to check out a full ISim license.
WARNING: ISim will run in Lite mode. Please refer to the ISim documentation for more information on the differences between the Lite and the Full version.
This is a Lite version of ISim.
Time resolution is 1 ps
# onerror resume
# wave add /
# run 1000 ns
Simulator is doing circuit initialization process.
Finished circuit initialization process.
TIME =           0	STATE = 00100001
# run all
TIME =           2	STATE = 00111001
TIME =           5	STATE = 00100001
Warning: Reset  Cur: NS=001, EW=001, PED=00		Prev: NS=001, EW=001, PED=11		Time=00000000000000000000000000000101
TIME =           6	STATE = 00111001
TIME =          22	STATE = 10010001
TIME =          33	STATE = 01010001
TIME =          39	STATE = 00111001
TIME =          55	STATE = 00101100
Warning: Rule 4 (NS)  Cur: NS=001, EW=100, PED=01		Prev: NS=001, EW=001, PED=11		Time=00000000000000000000000000110111
TIME =          66	STATE = 00101010
TIME =          72	STATE = 10010001
TIME =          83	STATE = 01010001
TIME =          89	STATE = 00101100
Stopped at time : 100 s : File "//vmware-host/Shared Folders/shared_folder/cs141/pa3/lab3_start/test_traffic_light_controller.v" Line 120
