ISim log file
Running: Z:\shared_with_vm\141git\cs141\pa1\lab1_start\testbench_isim_beh.exe -intstyle ise -gui -tclbatch isim.cmd -wdb Z:/shared_with_vm/141git/cs141/pa1/lab1_start/testbench_isim_beh.wdb 
ISim P.20131013 (signature 0x8ef4fb42)
WARNING: A WEBPACK license was found.
WARNING: Please use Xilinx License Configuration Manager to check out a full ISim license.
WARNING: ISim will run in Lite mode. Please refer to the ISim documentation for more information on the differences between the Lite and the Full version.
This is a Lite version of ISim.
Time resolution is 1 ps
# onerror resume
# wave add /
# run 1000 ns
Simulator is doing circuit initialization process.
Finished circuit initialization process.
switch=00000000, led=00001110
switch=00000001, led=00001010
switch=00000010, led=00001010
switch=00000011, led=00001111
switch=00000100, led=00000000
switch=00000101, led=00000100
switch=00000110, led=00000100
switch=00000111, led=00000001
switch=00001000, led=00001010
switch=00001001, led=00001110
switch=00001010, led=00001110
switch=00001011, led=00001011
switch=00001100, led=00001110
switch=00001101, led=00001010
switch=00001110, led=00001010
switch=00001111, led=00001111
switch=00010000, led=00000010
switch=00010001, led=00000110
switch=00010010, led=00000110
switch=00010011, led=00001011
switch=00010100, led=00000100
switch=00010101, led=00000000
switch=00010110, led=00000000
switch=00010111, led=00001101
switch=00011000, led=00000110
switch=00011001, led=00000010
switch=00011010, led=00000010
switch=00011011, led=00001111
switch=00011100, led=00000010
switch=00011101, led=00000110
switch=00011110, led=00000110
switch=00011111, led=00001011
switch=00100000, led=00001010
switch=00100001, led=00001110
switch=00100010, led=00001110
switch=00100011, led=00001011
switch=00100100, led=00000100
switch=00100101, led=00000000
switch=00100110, led=00000000
switch=00100111, led=00000101
switch=00101000, led=00001110
switch=00101001, led=00001010
switch=00101010, led=00001010
switch=00101011, led=00001111
switch=00101100, led=00001010
switch=00101101, led=00001110
switch=00101110, led=00001110
switch=00101111, led=00001011
switch=00110000, led=00000110
switch=00110001, led=00000010
switch=00110010, led=00000010
switch=00110011, led=00001111
switch=00110100, led=00000000
switch=00110101, led=00000100
switch=00110110, led=00000100
switch=00110111, led=00001001
switch=00111000, led=00000010
switch=00111001, led=00000110
switch=00111010, led=00000110
switch=00111011, led=00001011
switch=00111100, led=00000110
switch=00111101, led=00000010
switch=00111110, led=00000010
switch=00111111, led=00001111
switch=01000000, led=00001010
switch=01000001, led=00001110
switch=01000010, led=00001110
switch=01000011, led=00001011
switch=01000100, led=00000100
switch=01000101, led=00000000
switch=01000110, led=00000000
switch=01000111, led=00000101
switch=01001000, led=00001110
switch=01001001, led=00001010
switch=01001010, led=00001010
switch=01001011, led=00001111
switch=01001100, led=00001010
switch=01001101, led=00001110
switch=01001110, led=00001110
switch=01001111, led=00001011
switch=01010000, led=00000110
switch=01010001, led=00000010
switch=01010010, led=00000010
switch=01010011, led=00001111
switch=01010100, led=00000000
switch=01010101, led=00000100
switch=01010110, led=00000100
switch=01010111, led=00001001
switch=01011000, led=00000010
switch=01011001, led=00000110
switch=01011010, led=00000110
switch=01011011, led=00001011
switch=01011100, led=00000110
switch=01011101, led=00000010
switch=01011110, led=00000010
switch=01011111, led=00001111
switch=01100000, led=00001110
switch=01100001, led=00001010
switch=01100010, led=00001010
switch=01100011, led=00001111
# run 2.00us
switch=01100100, led=00000000
switch=01100101, led=00000100
switch=01100110, led=00000100
switch=01100111, led=00000001
switch=01101000, led=00001010
switch=01101001, led=00001110
switch=01101010, led=00001110
switch=01101011, led=00001011
switch=01101100, led=00001110
switch=01101101, led=00001010
switch=01101110, led=00001010
switch=01101111, led=00001111
switch=01110000, led=00000010
switch=01110001, led=00000110
switch=01110010, led=00000110
switch=01110011, led=00001011
switch=01110100, led=00000100
switch=01110101, led=00000000
switch=01110110, led=00000000
switch=01110111, led=00001101
switch=01111000, led=00000110
switch=01111001, led=00000010
switch=01111010, led=00000010
switch=01111011, led=00001111
switch=01111100, led=00000010
switch=01111101, led=00000110
switch=01111110, led=00000110
switch=01111111, led=00001011
switch=10000000, led=00001010
switch=10000001, led=00001110
switch=10000010, led=00001110
switch=10000011, led=00001011
switch=10000100, led=00000100
switch=10000101, led=00000000
switch=10000110, led=00000000
switch=10000111, led=00000101
switch=10001000, led=00001110
switch=10001001, led=00001010
switch=10001010, led=00001010
switch=10001011, led=00001111
switch=10001100, led=00001010
switch=10001101, led=00001110
switch=10001110, led=00001110
switch=10001111, led=00001011
switch=10010000, led=00000110
switch=10010001, led=00000010
switch=10010010, led=00000010
switch=10010011, led=00001111
switch=10010100, led=00000000
switch=10010101, led=00000100
switch=10010110, led=00000100
switch=10010111, led=00001001
switch=10011000, led=00000010
switch=10011001, led=00000110
switch=10011010, led=00000110
switch=10011011, led=00001011
switch=10011100, led=00000110
switch=10011101, led=00000010
switch=10011110, led=00000010
switch=10011111, led=00001111
switch=10100000, led=00001110
switch=10100001, led=00001010
switch=10100010, led=00001010
switch=10100011, led=00001111
switch=10100100, led=00000000
switch=10100101, led=00000100
switch=10100110, led=00000100
switch=10100111, led=00000001
switch=10101000, led=00001010
switch=10101001, led=00001110
switch=10101010, led=00001110
switch=10101011, led=00001011
switch=10101100, led=00001110
switch=10101101, led=00001010
switch=10101110, led=00001010
switch=10101111, led=00001111
switch=10110000, led=00000010
switch=10110001, led=00000110
switch=10110010, led=00000110
switch=10110011, led=00001011
switch=10110100, led=00000100
switch=10110101, led=00000000
switch=10110110, led=00000000
switch=10110111, led=00001101
switch=10111000, led=00000110
switch=10111001, led=00000010
switch=10111010, led=00000010
switch=10111011, led=00001111
switch=10111100, led=00000010
switch=10111101, led=00000110
switch=10111110, led=00000110
switch=10111111, led=00001011
switch=11000000, led=00001110
switch=11000001, led=00001010
switch=11000010, led=00001010
switch=11000011, led=00001111
switch=11000100, led=00000000
switch=11000101, led=00000100
switch=11000110, led=00000100
switch=11000111, led=00000001
switch=11001000, led=00001010
switch=11001001, led=00001110
switch=11001010, led=00001110
switch=11001011, led=00001011
switch=11001100, led=00001110
switch=11001101, led=00001010
switch=11001110, led=00001010
switch=11001111, led=00001111
switch=11010000, led=00000010
switch=11010001, led=00000110
switch=11010010, led=00000110
switch=11010011, led=00001011
switch=11010100, led=00000100
switch=11010101, led=00000000
switch=11010110, led=00000000
switch=11010111, led=00001101
switch=11011000, led=00000110
switch=11011001, led=00000010
switch=11011010, led=00000010
switch=11011011, led=00001111
switch=11011100, led=00000010
switch=11011101, led=00000110
switch=11011110, led=00000110
switch=11011111, led=00001011
switch=11100000, led=00001010
switch=11100001, led=00001110
switch=11100010, led=00001110
switch=11100011, led=00001011
switch=11100100, led=00000100
switch=11100101, led=00000000
switch=11100110, led=00000000
switch=11100111, led=00000101
switch=11101000, led=00001110
switch=11101001, led=00001010
switch=11101010, led=00001010
switch=11101011, led=00001111
switch=11101100, led=00001010
switch=11101101, led=00001110
switch=11101110, led=00001110
switch=11101111, led=00001011
switch=11110000, led=00000110
switch=11110001, led=00000010
switch=11110010, led=00000010
switch=11110011, led=00001111
switch=11110100, led=00000000
switch=11110101, led=00000100
switch=11110110, led=00000100
switch=11110111, led=00001001
switch=11111000, led=00000010
switch=11111001, led=00000110
switch=11111010, led=00000110
switch=11111011, led=00001011
switch=11111100, led=00000110
switch=11111101, led=00000010
switch=11111110, led=00000010
Finished with           0 errors
Stopped at time : 2570 ns : File "//vmware-host/Shared Folders/shared_with_vm/141git/cs141/pa1/lab1_start/testbench.v" Line 47
