Command line:
   main_isim_beh.exe
     -simmode  gui
     -simrunnum  0
     -socket  49179

Tue Feb 05 10:02:14 2019


 Elaboration Time: 0.078125 sec

 Current Memory Usage: 657.371 Meg

 Total Signals          : 15
 Total Nets             : 29
 Total Signal Drivers   : 7
 Total Blocks           : 2
 Total Primitive Blocks : 2
 Total Processes        : 8
 Total Traceable Variables  : 18
 Total Scalar Nets and Variables : 109
Total Line Count : 16

 Total Simulation Time: 0.078125 sec

 Current Memory Usage: 657.371 Meg

Tue Feb 05 10:02:22 2019

