Command line:
   mips_core_isim_beh.exe
     -simmode  gui
     -simrunnum  1
     -socket  49230

Tue Apr 09 01:33:38 2019


 Elaboration Time: 0.203125 sec

 Current Memory Usage: 654.402 Meg

 Total Signals          : 293
 Total Nets             : 1806
 Total Signal Drivers   : 113
 Total Blocks           : 56
 Total Primitive Blocks : 52
 Total Processes        : 156
 Total Traceable Variables  : 152
 Total Scalar Nets and Variables : 5014
Total Line Count : 556
Total Line Count : 556

 Total Simulation Time: 0.25 sec

 Current Memory Usage: 968.974 Meg

Tue Apr 09 01:34:08 2019

